Log file open, 05/13/20 00:56:20
LogInit: Display: Running engine for game: SvS
LogPlatformFile: Not using cached read wrapper
LogTaskGraph: Started task graph with 5 named threads and 35 total threads with 3 sets of task threads.
LogStats: Stats thread started at 0.100768
LogD3D11RHI: Loaded GFSDK_Aftermath_Lib.x64.dll
LogICUInternationalization: ICU TimeZone Detection - Raw Offset: +3:00, Platform Override: ''
LogPluginManager: Mounting plugin Paper2D
LogPluginManager: Mounting plugin AISupport
LogPluginManager: Mounting plugin LightPropagationVolume
LogPluginManager: Mounting plugin CameraShakePreviewer
LogPluginManager: Mounting plugin ActorLayerUtilities
LogPluginManager: Mounting plugin AnimationSharing
LogPluginManager: Mounting plugin CLionSourceCodeAccess
LogPluginManager: Mounting plugin CodeLiteSourceCodeAccess
LogPluginManager: Mounting plugin GitSourceControl
LogPluginManager: Mounting plugin KDevelopSourceCodeAccess
LogPluginManager: Mounting plugin NullSourceCodeAccess
LogPluginManager: Mounting plugin PerforceSourceControl
LogPluginManager: Mounting plugin PlasticSourceControl
LogPluginManager: Mounting plugin RiderSourceCodeAccess
LogPluginManager: Mounting plugin SubversionSourceControl
LogPluginManager: Mounting plugin UObjectPlugin
LogPluginManager: Mounting plugin VisualStudioCodeSourceCodeAccess
LogPluginManager: Mounting plugin VisualStudioSourceCodeAccess
LogPluginManager: Mounting plugin XCodeSourceCodeAccess
LogPluginManager: Mounting plugin AssetManagerEditor
LogPluginManager: Mounting plugin CryptoKeys
LogPluginManager: Mounting plugin CurveEditorTools
LogPluginManager: Mounting plugin DataValidation
LogPluginManager: Mounting plugin EditorScriptingUtilities
LogPluginManager: Mounting plugin FacialAnimation
LogPluginManager: Mounting plugin GameplayTagsEditor
LogPluginManager: Mounting plugin GeometryMode
LogPluginManager: Mounting plugin MacGraphicsSwitching
LogPluginManager: Mounting plugin MaterialAnalyzer
LogPluginManager: Mounting plugin MobileLauncherProfileWizard
LogPluginManager: Mounting plugin PluginBrowser
LogPluginManager: Mounting plugin SpeedTreeImporter
LogPluginManager: Mounting plugin DatasmithContent
LogPluginManager: Mounting plugin VariantManagerContent
LogPluginManager: Mounting plugin AlembicImporter
LogPluginManager: Mounting plugin AutomationUtils
LogPluginManager: Mounting plugin BackChannel
LogPluginManager: Mounting plugin ChaosCloth
LogPluginManager: Mounting plugin ChaosClothEditor
LogPluginManager: Mounting plugin ChaosEditor
LogPluginManager: Mounting plugin ChaosNiagara
LogPluginManager: Mounting plugin ChaosSolverPlugin
LogPluginManager: Mounting plugin CharacterAI
LogPluginManager: Mounting plugin GeometryCache
LogPluginManager: Mounting plugin GeometryCollectionPlugin
LogPluginManager: Mounting plugin GeometryProcessing
LogPluginManager: Mounting plugin PlanarCut
LogPluginManager: Mounting plugin PlatformCrypto
LogPluginManager: Mounting plugin ProxyLODPlugin
LogPluginManager: Mounting plugin SkeletalReduction
LogPluginManager: Mounting plugin Niagara
LogPluginManager: Mounting plugin MagicLeap
LogPluginManager: Mounting plugin MagicLeapLightEstimation
LogPluginManager: Mounting plugin MagicLeapMedia
LogPluginManager: Mounting plugin MagicLeapPassableWorld
LogPluginManager: Mounting plugin MLSDK
LogPluginManager: Mounting plugin AndroidMedia
LogPluginManager: Mounting plugin AvfMedia
LogPluginManager: Mounting plugin ImgMedia
LogPluginManager: Mounting plugin MediaCompositing
LogPluginManager: Mounting plugin MediaPlayerEditor
LogPluginManager: Mounting plugin WebMMedia
LogPluginManager: Mounting plugin WmfMedia
LogPluginManager: Mounting plugin MeshPainting
LogPluginManager: Mounting plugin TcpMessaging
LogPluginManager: Mounting plugin UdpMessaging
LogPluginManager: Mounting plugin ActorSequence
LogPluginManager: Mounting plugin LevelSequenceEditor
LogPluginManager: Mounting plugin MatineeToLevelSequence
LogPluginManager: Mounting plugin MovieRenderPipeline
LogPluginManager: Mounting plugin TemplateSequence
LogPluginManager: Mounting plugin NetcodeUnitTest
LogPluginManager: Mounting plugin NUTUnrealEngine4
LogPluginManager: Mounting plugin OnlineSubsystemGooglePlay
LogPluginManager: Mounting plugin OnlineSubsystemIOS
LogPluginManager: Mounting plugin OnlineSubsystem
LogPluginManager: Mounting plugin OnlineSubsystemNull
LogPluginManager: Mounting plugin OnlineSubsystemUtils
LogPluginManager: Mounting plugin LauncherChunkInstaller
LogPluginManager: Mounting plugin AndroidDeviceProfileSelector
LogPluginManager: Mounting plugin AndroidMoviePlayer
LogPluginManager: Mounting plugin AndroidPermission
LogPluginManager: Mounting plugin AppleImageUtils
LogPluginManager: Mounting plugin AppleMoviePlayer
LogPluginManager: Mounting plugin ArchVisCharacter
LogPluginManager: Mounting plugin AssetTags
LogPluginManager: Mounting plugin AudioCapture
LogPluginManager: Mounting plugin CableComponent
LogPluginManager: Mounting plugin CustomMeshComponent
LogPluginManager: Mounting plugin EditableMesh
LogPluginManager: Mounting plugin ExampleDeviceProfileSelector
LogPluginManager: Mounting plugin GoogleCloudMessaging
LogPluginManager: Mounting plugin GooglePAD
LogPluginManager: Mounting plugin IOSDeviceProfileSelector
LogPluginManager: Mounting plugin LinuxDeviceProfileSelector
LogPluginManager: Mounting plugin LocationServicesBPLibrary
LogPluginManager: Mounting plugin MobilePatchingUtils
LogPluginManager: Mounting plugin OculusVR
LogPluginManager: Mounting plugin PhysXVehicles
LogPluginManager: Mounting plugin PostSplashScreen
LogPluginManager: Mounting plugin ProceduralMeshComponent
LogPluginManager: Mounting plugin RuntimePhysXCooking
LogPluginManager: Mounting plugin SignificanceManager
LogPluginManager: Mounting plugin SoundFields
LogPluginManager: Mounting plugin SteamVR
LogPluginManager: Mounting plugin Synthesis
LogPluginManager: Mounting plugin WebMMoviePlayer
LogPluginManager: Mounting plugin WindowsMoviePlayer
LogPluginManager: Mounting plugin ScreenshotTools
LogInit: Using libcurl 7.55.1-DEV
LogInit:  - built for x86_64-pc-win32
LogInit:  - supports SSL with OpenSSL/1.1.1
LogInit:  - supports HTTP deflate (compression) using libz 1.2.8
LogInit:  - other features:
LogInit:      CURL_VERSION_SSL
LogInit:      CURL_VERSION_LIBZ
LogInit:      CURL_VERSION_IPV6
LogInit:      CURL_VERSION_ASYNCHDNS
LogInit:      CURL_VERSION_LARGEFILE
LogInit:      CURL_VERSION_IDN
LogInit:  CurlRequestOptions (configurable via config and command line):
LogInit:  - bVerifyPeer = true  - Libcurl will verify peer certificate
LogInit:  - bUseHttpProxy = false  - Libcurl will NOT use HTTP proxy
LogInit:  - bDontReuseConnections = false  - Libcurl will reuse connections
LogInit:  - MaxHostConnections = 16  - Libcurl will limit the number of connections to a host
LogInit:  - LocalHostAddr = Default
LogInit:  - BufferSize = 65536
LogOnline: OSS: Creating online subsystem instance for: NULL
LogInit: WinSock: version 1.1 (2.2), MaxSocks=32767, MaxUdp=65467
LogOnline: OSS: TryLoadSubsystemAndSetDefault: Loaded subsystem for module [NULL]
LogInit: Build: ++UE4+Release-4.25-CL-13144385
LogInit: Engine Version: 4.25.0-13144385+++UE4+Release-4.25
LogInit: Compatible Engine Version: 4.25.0-13144385+++UE4+Release-4.25
LogInit: Net CL: 13144385
LogInit: OS: Windows 10 (Release 1903) (), CPU: Intel(R) Core(TM) i7-8750H CPU @ 2.20GHz, GPU: Intel(R) UHD Graphics 630
LogInit: Compiled (64-bit): May  2 2020 02:12:11
LogInit: Compiled with Visual C++: 19.24.28315.00
LogInit: Build Configuration: Development
LogInit: Branch Name: ++UE4+Release-4.25
LogInit: Command Line: 
LogInit: Base Directory: D:/UE_4.25/Engine/Binaries/Win64/
LogInit: Allocator: TBB
LogInit: Installed Engine Build: 1
LogDevObjectVersion: Number of dev versions registered: 26
LogDevObjectVersion:   Dev-Blueprints (B0D832E4-1F89-4F0D-ACCF-7EB736FD4AA2): 10
LogDevObjectVersion:   Dev-Build (E1C64328-A22C-4D53-A36C-8E866417BD8C): 0
LogDevObjectVersion:   Dev-Core (375EC13C-06E4-48FB-B500-84F0262A717E): 4
LogDevObjectVersion:   Dev-Editor (E4B068ED-F494-42E9-A231-DA0B2E46BB41): 38
LogDevObjectVersion:   Dev-Framework (CFFC743F-43B0-4480-9391-14DF171D2073): 37
LogDevObjectVersion:   Dev-Mobile (B02B49B5-BB20-44E9-A304-32B752E40360): 2
LogDevObjectVersion:   Dev-Networking (A4E4105C-59A1-49B5-A7C5-40C4547EDFEE): 0
LogDevObjectVersion:   Dev-Online (39C831C9-5AE6-47DC-9A44-9C173E1C8E7C): 0
LogDevObjectVersion:   Dev-Physics (78F01B33-EBEA-4F98-B9B4-84EACCB95AA2): 4
LogDevObjectVersion:   Dev-Platform (6631380F-2D4D-43E0-8009-CF276956A95A): 0
LogDevObjectVersion:   Dev-Rendering (12F88B9F-8875-4AFC-A67C-D90C383ABD29): 43
LogDevObjectVersion:   Dev-Sequencer (7B5AE74C-D270-4C10-A958-57980B212A5A): 12
LogDevObjectVersion:   Dev-VR (D7296918-1DD6-4BDD-9DE2-64A83CC13884): 3
LogDevObjectVersion:   Dev-LoadTimes (C2A15278-BFE7-4AFE-6C17-90FF531DF755): 1
LogDevObjectVersion:   Private-Geometry (6EACA3D4-40EC-4CC1-B786-8BED09428FC5): 3
LogDevObjectVersion:   Dev-AnimPhys (29E575DD-E0A3-4627-9D10-D276232CDCEA): 17
LogDevObjectVersion:   Dev-Anim (AF43A65D-7FD3-4947-9873-3E8ED9C1BB05): 7
LogDevObjectVersion:   Dev-ReflectionCapture (6B266CEC-1EC7-4B8F-A30B-E4D90942FC07): 1
LogDevObjectVersion:   Dev-Automation (0DF73D61-A23F-47EA-B727-89E90C41499A): 1
LogDevObjectVersion:   FortniteMain (601D1886-AC64-4F84-AA16-D3DE0DEAC7D6): 31
LogDevObjectVersion:   Dev-Enterprise (9DFFBCD6-494F-0158-E221-12823C92A888): 10
LogDevObjectVersion:   Dev-Niagara (F2AED0AC-9AFE-416F-8664-AA7FFA26D6FC): 1
LogDevObjectVersion:   Dev-Destruction (174F1F0B-B4C6-45A5-B13F-2EE8D0FB917D): 10
LogDevObjectVersion:   Dev-Physics-Ext (35F94A83-E258-406C-A318-09F59610247C): 37
LogDevObjectVersion:   Dev-PhysicsMaterial-Chaos (B68FC16E-8B1B-42E2-B453-215C058844FE): 1
LogDevObjectVersion:   Dev-CineCamera (B2E18506-4273-CFC2-A54E-F4BB758BBA07): 1
LogInit: Presizing for max 25165824 objects, including 0 objects not considered by GC, pre-allocating 0 bytes for permanent pool.
LogConfig: Applying CVar settings from Section [/Script/Engine.StreamingSettings] File [C:/Users/neklu/OneDrive/Документы/Unreal Projects/SvS/Saved/Config/Windows/Engine.ini]
LogConfig: Setting CVar [[s.MinBulkDataSizeForAsyncLoading:131072]]
LogConfig: Setting CVar [[s.AsyncLoadingThreadEnabled:0]]
LogConfig: Setting CVar [[s.EventDrivenLoaderEnabled:1]]
LogConfig: Setting CVar [[s.WarnIfTimeLimitExceeded:0]]
LogConfig: Setting CVar [[s.TimeLimitExceededMultiplier:1.5]]
LogConfig: Setting CVar [[s.TimeLimitExceededMinTime:0.005]]
LogConfig: Setting CVar [[s.UseBackgroundLevelStreaming:1]]
LogConfig: Setting CVar [[s.PriorityAsyncLoadingExtraTime:15.0]]
LogConfig: Setting CVar [[s.LevelStreamingActorsUpdateTimeLimit:5.0]]
LogConfig: Setting CVar [[s.PriorityLevelStreamingActorsUpdateExtraTime:5.0]]
LogConfig: Setting CVar [[s.LevelStreamingComponentsRegistrationGranularity:10]]
LogConfig: Setting CVar [[s.UnregisterComponentsTimeLimit:1.0]]
LogConfig: Setting CVar [[s.LevelStreamingComponentsUnregistrationGranularity:5]]
LogConfig: Setting CVar [[s.FlushStreamingOnExit:1]]
LogInit: Object subsystem initialized
LogConfig: Setting CVar [[con.DebugEarlyDefault:1]]
LogConfig: Setting CVar [[r.setres:1280x720]]
[2020.05.12-21.56.20:310][  0]LogConfig: Setting CVar [[r.VSync:0]]
[2020.05.12-21.56.20:310][  0]LogConfig: Setting CVar [[r.RHICmdBypass:0]]
[2020.05.12-21.56.20:310][  0]LogConfig: Applying CVar settings from Section [/Script/Engine.RendererSettings] File [C:/Users/neklu/OneDrive/Документы/Unreal Projects/SvS/Saved/Config/Windows/Engine.ini]
[2020.05.12-21.56.20:310][  0]LogConfig: Setting CVar [[r.GPUCrashDebugging:0]]
[2020.05.12-21.56.20:310][  0]LogConfig: Applying CVar settings from Section [/Script/Engine.RendererOverrideSettings] File [C:/Users/neklu/OneDrive/Документы/Unreal Projects/SvS/Saved/Config/Windows/Engine.ini]
[2020.05.12-21.56.20:310][  0]LogConfig: Applying CVar settings from Section [/Script/Engine.StreamingSettings] File [C:/Users/neklu/OneDrive/Документы/Unreal Projects/SvS/Saved/Config/Windows/Engine.ini]
[2020.05.12-21.56.20:310][  0]LogConfig: Setting CVar [[s.MinBulkDataSizeForAsyncLoading:131072]]
[2020.05.12-21.56.20:310][  0]LogConfig: Setting CVar [[s.AsyncLoadingThreadEnabled:0]]
[2020.05.12-21.56.20:310][  0]LogConfig: Setting CVar [[s.EventDrivenLoaderEnabled:1]]
[2020.05.12-21.56.20:310][  0]LogConfig: Setting CVar [[s.WarnIfTimeLimitExceeded:0]]
[2020.05.12-21.56.20:310][  0]LogConfig: Setting CVar [[s.TimeLimitExceededMultiplier:1.5]]
[2020.05.12-21.56.20:310][  0]LogConfig: Setting CVar [[s.TimeLimitExceededMinTime:0.005]]
[2020.05.12-21.56.20:310][  0]LogConfig: Setting CVar [[s.UseBackgroundLevelStreaming:1]]
[2020.05.12-21.56.20:310][  0]LogConfig: Setting CVar [[s.PriorityAsyncLoadingExtraTime:15.0]]
[2020.05.12-21.56.20:310][  0]LogConfig: Setting CVar [[s.LevelStreamingActorsUpdateTimeLimit:5.0]]
[2020.05.12-21.56.20:310][  0]LogConfig: Setting CVar [[s.PriorityLevelStreamingActorsUpdateExtraTime:5.0]]
[2020.05.12-21.56.20:310][  0]LogConfig: Setting CVar [[s.LevelStreamingComponentsRegistrationGranularity:10]]
[2020.05.12-21.56.20:310][  0]LogConfig: Setting CVar [[s.UnregisterComponentsTimeLimit:1.0]]
[2020.05.12-21.56.20:310][  0]LogConfig: Setting CVar [[s.LevelStreamingComponentsUnregistrationGranularity:5]]
[2020.05.12-21.56.20:310][  0]LogConfig: Setting CVar [[s.FlushStreamingOnExit:1]]
[2020.05.12-21.56.20:310][  0]LogConfig: Applying CVar settings from Section [/Script/Engine.GarbageCollectionSettings] File [C:/Users/neklu/OneDrive/Документы/Unreal Projects/SvS/Saved/Config/Windows/Engine.ini]
[2020.05.12-21.56.20:310][  0]LogConfig: Setting CVar [[gc.MaxObjectsNotConsideredByGC:1]]
[2020.05.12-21.56.20:310][  0]LogConfig: Setting CVar [[gc.SizeOfPermanentObjectPool:0]]
[2020.05.12-21.56.20:310][  0]LogConfig: Setting CVar [[gc.FlushStreamingOnGC:0]]
[2020.05.12-21.56.20:310][  0]LogConfig: Setting CVar [[gc.NumRetriesBeforeForcingGC:10]]
[2020.05.12-21.56.20:310][  0]LogConfig: Setting CVar [[gc.AllowParallelGC:1]]
[2020.05.12-21.56.20:310][  0]LogConfig: Setting CVar [[gc.TimeBetweenPurgingPendingKillObjects:61.1]]
[2020.05.12-21.56.20:310][  0]LogConfig: Setting CVar [[gc.MaxObjectsInEditor:25165824]]
[2020.05.12-21.56.20:310][  0]LogConfig: Setting CVar [[gc.IncrementalBeginDestroyEnabled:1]]
[2020.05.12-21.56.20:310][  0]LogConfig: Setting CVar [[gc.CreateGCClusters:1]]
[2020.05.12-21.56.20:310][  0]LogConfig: Setting CVar [[gc.MinGCClusterSize:5]]
[2020.05.12-21.56.20:310][  0]LogConfig: Setting CVar [[gc.ActorClusteringEnabled:0]]
[2020.05.12-21.56.20:310][  0]LogConfig: Setting CVar [[gc.BlueprintClusteringEnabled:0]]
[2020.05.12-21.56.20:310][  0]LogConfig: Setting CVar [[gc.UseDisregardForGCOnDedicatedServers:0]]
[2020.05.12-21.56.20:310][  0]LogConfig: Applying CVar settings from Section [/Script/Engine.NetworkSettings] File [C:/Users/neklu/OneDrive/Документы/Unreal Projects/SvS/Saved/Config/Windows/Engine.ini]
[2020.05.12-21.56.20:310][  0]LogConfig: Applying CVar settings from Section [/Script/UnrealEd.CookerSettings] File [C:/Users/neklu/OneDrive/Документы/Unreal Projects/SvS/Saved/Config/Windows/Engine.ini]
[2020.05.12-21.56.20:312][  0]LogConfig: Applying CVar settings from Section [ViewDistanceQuality@3] File [C:/Users/neklu/OneDrive/Документы/Unreal Projects/SvS/Saved/Config/Windows/Scalability.ini]
[2020.05.12-21.56.20:312][  0]LogConfig: Setting CVar [[r.SkeletalMeshLODBias:0]]
[2020.05.12-21.56.20:312][  0]LogConfig: Setting CVar [[r.ViewDistanceScale:1.0]]
[2020.05.12-21.56.20:312][  0]LogConfig: Applying CVar settings from Section [AntiAliasingQuality@3] File [C:/Users/neklu/OneDrive/Документы/Unreal Projects/SvS/Saved/Config/Windows/Scalability.ini]
[2020.05.12-21.56.20:312][  0]LogConfig: Setting CVar [[r.PostProcessAAQuality:4]]
[2020.05.12-21.56.20:313][  0]LogConfig: Applying CVar settings from Section [ShadowQuality@3] File [C:/Users/neklu/OneDrive/Документы/Unreal Projects/SvS/Saved/Config/Windows/Scalability.ini]
[2020.05.12-21.56.20:313][  0]LogConfig: Setting CVar [[r.LightFunctionQuality:1]]
[2020.05.12-21.56.20:313][  0]LogConfig: Setting CVar [[r.ShadowQuality:5]]
[2020.05.12-21.56.20:313][  0]LogConfig: Setting CVar [[r.Shadow.CSM.MaxCascades:10]]
[2020.05.12-21.56.20:313][  0]LogConfig: Setting CVar [[r.Shadow.MaxResolution:2048]]
[2020.05.12-21.56.20:313][  0]LogConfig: Setting CVar [[r.Shadow.MaxCSMResolution:2048]]
[2020.05.12-21.56.20:313][  0]LogConfig: Setting CVar [[r.Shadow.RadiusThreshold:0.01]]
[2020.05.12-21.56.20:313][  0]LogConfig: Setting CVar [[r.Shadow.DistanceScale:1.0]]
[2020.05.12-21.56.20:313][  0]LogConfig: Setting CVar [[r.Shadow.CSM.TransitionScale:1.0]]
[2020.05.12-21.56.20:313][  0]LogConfig: Setting CVar [[r.Shadow.PreShadowResolutionFactor:1.0]]
[2020.05.12-21.56.20:313][  0]LogConfig: Setting CVar [[r.DistanceFieldShadowing:1]]
[2020.05.12-21.56.20:313][  0]LogConfig: Setting CVar [[r.DistanceFieldAO:1]]
[2020.05.12-21.56.20:313][  0]LogConfig: Setting CVar [[r.AOQuality:2]]
[2020.05.12-21.56.20:313][  0]LogConfig: Setting CVar [[r.VolumetricFog:1]]
[2020.05.12-21.56.20:313][  0]LogConfig: Setting CVar [[r.VolumetricFog.GridPixelSize:8]]
[2020.05.12-21.56.20:313][  0]LogConfig: Setting CVar [[r.VolumetricFog.GridSizeZ:128]]
[2020.05.12-21.56.20:313][  0]LogConfig: Setting CVar [[r.VolumetricFog.HistoryMissSupersampleCount:4]]
[2020.05.12-21.56.20:313][  0]LogConfig: Setting CVar [[r.LightMaxDrawDistanceScale:1]]
[2020.05.12-21.56.20:313][  0]LogConfig: Setting CVar [[r.CapsuleShadows:1]]
[2020.05.12-21.56.20:313][  0]LogConfig: Applying CVar settings from Section [PostProcessQuality@3] File [C:/Users/neklu/OneDrive/Документы/Unreal Projects/SvS/Saved/Config/Windows/Scalability.ini]
[2020.05.12-21.56.20:313][  0]LogConfig: Setting CVar [[r.MotionBlurQuality:4]]
[2020.05.12-21.56.20:313][  0]LogConfig: Setting CVar [[r.AmbientOcclusionMipLevelFactor:0.4]]
[2020.05.12-21.56.20:313][  0]LogConfig: Setting CVar [[r.AmbientOcclusionMaxQuality:100]]
[2020.05.12-21.56.20:313][  0]LogConfig: Setting CVar [[r.AmbientOcclusionLevels:-1]]
[2020.05.12-21.56.20:313][  0]LogConfig: Setting CVar [[r.AmbientOcclusionRadiusScale:1.0]]
[2020.05.12-21.56.20:313][  0]LogConfig: Setting CVar [[r.DepthOfFieldQuality:2]]
[2020.05.12-21.56.20:313][  0]LogConfig: Setting CVar [[r.RenderTargetPoolMin:400]]
[2020.05.12-21.56.20:313][  0]LogConfig: Setting CVar [[r.LensFlareQuality:2]]
[2020.05.12-21.56.20:313][  0]LogConfig: Setting CVar [[r.SceneColorFringeQuality:1]]
[2020.05.12-21.56.20:313][  0]LogConfig: Setting CVar [[r.EyeAdaptationQuality:2]]
[2020.05.12-21.56.20:313][  0]LogConfig: Setting CVar [[r.BloomQuality:5]]
[2020.05.12-21.56.20:313][  0]LogConfig: Setting CVar [[r.FastBlurThreshold:100]]
[2020.05.12-21.56.20:313][  0]LogConfig: Setting CVar [[r.Upscale.Quality:3]]
[2020.05.12-21.56.20:313][  0]LogConfig: Setting CVar [[r.Tonemapper.GrainQuantization:1]]
[2020.05.12-21.56.20:313][  0]LogConfig: Setting CVar [[r.LightShaftQuality:1]]
[2020.05.12-21.56.20:313][  0]LogConfig: Setting CVar [[r.Filter.SizeScale:1]]
[2020.05.12-21.56.20:313][  0]LogConfig: Setting CVar [[r.Tonemapper.Quality:5]]
[2020.05.12-21.56.20:313][  0]LogConfig: Setting CVar [[r.DOF.Gather.AccumulatorQuality:1        ; higher gathering accumulator quality]]
[2020.05.12-21.56.20:313][  0]LogConfig: Setting CVar [[r.DOF.Gather.PostfilterMethod:1          ; Median3x3 postfilering method]]
[2020.05.12-21.56.20:313][  0]LogConfig: Setting CVar [[r.DOF.Gather.EnableBokehSettings:0       ; no bokeh simulation when gathering]]
[2020.05.12-21.56.20:313][  0]LogConfig: Setting CVar [[r.DOF.Gather.RingCount:4                 ; medium number of samples when gathering]]
[2020.05.12-21.56.20:313][  0]LogConfig: Setting CVar [[r.DOF.Scatter.ForegroundCompositing:1    ; additive foreground scattering]]
[2020.05.12-21.56.20:313][  0]LogConfig: Setting CVar [[r.DOF.Scatter.BackgroundCompositing:2    ; additive background scattering]]
[2020.05.12-21.56.20:313][  0]LogConfig: Setting CVar [[r.DOF.Scatter.EnableBokehSettings:1      ; bokeh simulation when scattering]]
[2020.05.12-21.56.20:313][  0]LogConfig: Setting CVar [[r.DOF.Scatter.MaxSpriteRatio:0.1         ; only a maximum of 10% of scattered bokeh]]
[2020.05.12-21.56.20:313][  0]LogConfig: Setting CVar [[r.DOF.Recombine.Quality:1                ; cheap slight out of focus]]
[2020.05.12-21.56.20:313][  0]LogConfig: Setting CVar [[r.DOF.Recombine.EnableBokehSettings:0    ; no bokeh simulation on slight out of focus]]
[2020.05.12-21.56.20:313][  0]LogConfig: Setting CVar [[r.DOF.TemporalAAQuality:1                ; more stable temporal accumulation]]
[2020.05.12-21.56.20:313][  0]LogConfig: Setting CVar [[r.DOF.Kernel.MaxForegroundRadius:0.025]]
[2020.05.12-21.56.20:313][  0]LogConfig: Setting CVar [[r.DOF.Kernel.MaxBackgroundRadius:0.025]]
[2020.05.12-21.56.20:313][  0]LogConfig: Applying CVar settings from Section [TextureQuality@3] File [C:/Users/neklu/OneDrive/Документы/Unreal Projects/SvS/Saved/Config/Windows/Scalability.ini]
[2020.05.12-21.56.20:313][  0]LogConfig: Setting CVar [[r.Streaming.MipBias:0]]
[2020.05.12-21.56.20:313][  0]LogConfig: Setting CVar [[r.Streaming.AmortizeCPUToGPUCopy:0]]
[2020.05.12-21.56.20:313][  0]LogConfig: Setting CVar [[r.Streaming.MaxNumTexturesToStreamPerFrame:0]]
[2020.05.12-21.56.20:313][  0]LogConfig: Setting CVar [[r.Streaming.Boost:1]]
[2020.05.12-21.56.20:313][  0]LogConfig: Setting CVar [[r.MaxAnisotropy:8]]
[2020.05.12-21.56.20:313][  0]LogConfig: Setting CVar [[r.VT.MaxAnisotropy:8]]
[2020.05.12-21.56.20:313][  0]LogConfig: Setting CVar [[r.Streaming.LimitPoolSizeToVRAM:0]]
[2020.05.12-21.56.20:313][  0]LogConfig: Setting CVar [[r.Streaming.PoolSize:1000]]
[2020.05.12-21.56.20:313][  0]LogConfig: Setting CVar [[r.Streaming.MaxEffectiveScreenSize:0]]
[2020.05.12-21.56.20:313][  0]LogConfig: Applying CVar settings from Section [EffectsQuality@3] File [C:/Users/neklu/OneDrive/Документы/Unreal Projects/SvS/Saved/Config/Windows/Scalability.ini]
[2020.05.12-21.56.20:313][  0]LogConfig: Setting CVar [[r.TranslucencyLightingVolumeDim:64]]
[2020.05.12-21.56.20:313][  0]LogConfig: Setting CVar [[r.RefractionQuality:2]]
[2020.05.12-21.56.20:313][  0]LogConfig: Setting CVar [[r.SSR.Quality:3]]
[2020.05.12-21.56.20:313][  0]LogConfig: Setting CVar [[r.SSR.HalfResSceneColor:0]]
[2020.05.12-21.56.20:313][  0]LogConfig: Setting CVar [[r.SceneColorFormat:4]]
[2020.05.12-21.56.20:313][  0]LogConfig: Setting CVar [[r.DetailMode:2]]
[2020.05.12-21.56.20:313][  0]LogConfig: Setting CVar [[r.TranslucencyVolumeBlur:1]]
[2020.05.12-21.56.20:313][  0]LogConfig: Setting CVar [[r.MaterialQualityLevel:1 ; High quality]]
[2020.05.12-21.56.20:313][  0]LogConfig: Setting CVar [[r.SSS.Scale:1]]
[2020.05.12-21.56.20:313][  0]LogConfig: Setting CVar [[r.SSS.SampleSet:2]]
[2020.05.12-21.56.20:313][  0]LogConfig: Setting CVar [[r.SSS.Quality:1]]
[2020.05.12-21.56.20:313][  0]LogConfig: Setting CVar [[r.SSS.HalfRes:0]]
[2020.05.12-21.56.20:313][  0]LogConfig: Setting CVar [[r.SSGI.Quality:3]]
[2020.05.12-21.56.20:313][  0]LogConfig: Setting CVar [[r.EmitterSpawnRateScale:1.0]]
[2020.05.12-21.56.20:313][  0]LogConfig: Setting CVar [[r.ParticleLightQuality:2]]
[2020.05.12-21.56.20:313][  0]LogConfig: Setting CVar [[r.SkyAtmosphere.AerialPerspectiveLUT.FastApplyOnOpaque:1 ; Always have FastSkyLUT 1 in this case to avoid wrong sky]]
[2020.05.12-21.56.20:313][  0]LogConfig: Setting CVar [[r.SkyAtmosphere.AerialPerspectiveLUT.SampleCountPerSlice:1]]
[2020.05.12-21.56.20:313][  0]LogConfig: Setting CVar [[r.SkyAtmosphere.AerialPerspectiveLUT.DepthResolution:16.0]]
[2020.05.12-21.56.20:314][  0]LogConfig: Setting CVar [[r.SkyAtmosphere.FastSkyLUT:1]]
[2020.05.12-21.56.20:314][  0]LogConfig: Setting CVar [[r.SkyAtmosphere.FastSkyLUT.SampleCountMin:4.0]]
[2020.05.12-21.56.20:314][  0]LogConfig: Setting CVar [[r.SkyAtmosphere.FastSkyLUT.SampleCountMax:32.0]]
[2020.05.12-21.56.20:314][  0]LogConfig: Setting CVar [[r.SkyAtmosphere.SampleCountMin:4.0]]
[2020.05.12-21.56.20:314][  0]LogConfig: Setting CVar [[r.SkyAtmosphere.SampleCountMax:32.0]]
[2020.05.12-21.56.20:314][  0]LogConfig: Setting CVar [[r.SkyAtmosphere.TransmittanceLUT.UseSmallFormat:0]]
[2020.05.12-21.56.20:314][  0]LogConfig: Setting CVar [[r.SkyAtmosphere.TransmittanceLUT.SampleCount:10.0]]
[2020.05.12-21.56.20:314][  0]LogConfig: Setting CVar [[r.SkyAtmosphere.MultiScatteringLUT.SampleCount:15.0]]
[2020.05.12-21.56.20:314][  0]LogConfig: Applying CVar settings from Section [FoliageQuality@3] File [C:/Users/neklu/OneDrive/Документы/Unreal Projects/SvS/Saved/Config/Windows/Scalability.ini]
[2020.05.12-21.56.20:314][  0]LogConfig: Setting CVar [[foliage.DensityScale:1.0]]
[2020.05.12-21.56.20:314][  0]LogConfig: Setting CVar [[grass.DensityScale:1.0]]
[2020.05.12-21.56.20:314][  0]LogConfig: Applying CVar settings from Section [ShadingQuality@3] File [C:/Users/neklu/OneDrive/Документы/Unreal Projects/SvS/Saved/Config/Windows/Scalability.ini]
[2020.05.12-21.56.20:314][  0]LogConfig: Setting CVar [[r.HairStrands.SkyLighting.SampleCount:16]]
[2020.05.12-21.56.20:314][  0]LogConfig: Setting CVar [[r.HairStrands.SkyLighting.JitterIntegration:0]]
[2020.05.12-21.56.20:314][  0]LogConfig: Setting CVar [[r.HairStrands.SkyAO.SampleCount:16]]
[2020.05.12-21.56.20:314][  0]LogConfig: Setting CVar [[r.HairStrands.DeepShadow.SuperSampling:0]]
[2020.05.12-21.56.20:314][  0]LogConfig: Setting CVar [[r.HairStrands.VisibilityPPLL:0]]
[2020.05.12-21.56.20:314][  0]LogConfig: Setting CVar [[r.HairStrands.RasterizationScale:0.5]]
[2020.05.12-21.56.20:314][  0]LogConfig: Setting CVar [[r.HairStrands.VelocityRasterizationScale:1]]
[2020.05.12-21.56.20:314][  0]LogInit: Selected Device Profile: [Windows]
[2020.05.12-21.56.20:314][  0]LogInit: Applying CVar settings loaded from the selected device profile: [Windows]
[2020.05.12-21.56.20:314][  0]LogHAL: Display: Platform has ~ 12 GB [12682731520 / 17179869184 / 12], which maps to Larger [LargestMinGB=32, LargerMinGB=12, DefaultMinGB=8, SmallerMinGB=6, SmallestMinGB=0)
[2020.05.12-21.56.20:314][  0]LogInit: Going up to parent DeviceProfile []
[2020.05.12-21.56.20:314][  0]LogConfig: Applying CVar settings from Section [ViewDistanceQuality@3] File [C:/Users/neklu/OneDrive/Документы/Unreal Projects/SvS/Saved/Config/Windows/Scalability.ini]
[2020.05.12-21.56.20:314][  0]LogConfig: Setting CVar [[r.SkeletalMeshLODBias:0]]
[2020.05.12-21.56.20:314][  0]LogConfig: Setting CVar [[r.ViewDistanceScale:1.0]]
[2020.05.12-21.56.20:314][  0]LogConfig: Applying CVar settings from Section [AntiAliasingQuality@3] File [C:/Users/neklu/OneDrive/Документы/Unreal Projects/SvS/Saved/Config/Windows/Scalability.ini]
[2020.05.12-21.56.20:314][  0]LogConfig: Setting CVar [[r.PostProcessAAQuality:4]]
[2020.05.12-21.56.20:314][  0]LogConfig: Applying CVar settings from Section [ShadowQuality@3] File [C:/Users/neklu/OneDrive/Документы/Unreal Projects/SvS/Saved/Config/Windows/Scalability.ini]
[2020.05.12-21.56.20:314][  0]LogConfig: Setting CVar [[r.LightFunctionQuality:1]]
[2020.05.12-21.56.20:314][  0]LogConfig: Setting CVar [[r.ShadowQuality:5]]
[2020.05.12-21.56.20:314][  0]LogConfig: Setting CVar [[r.Shadow.CSM.MaxCascades:10]]
[2020.05.12-21.56.20:314][  0]LogConfig: Setting CVar [[r.Shadow.MaxResolution:2048]]
[2020.05.12-21.56.20:314][  0]LogConfig: Setting CVar [[r.Shadow.MaxCSMResolution:2048]]
[2020.05.12-21.56.20:314][  0]LogConfig: Setting CVar [[r.Shadow.RadiusThreshold:0.01]]
[2020.05.12-21.56.20:314][  0]LogConfig: Setting CVar [[r.Shadow.DistanceScale:1.0]]
[2020.05.12-21.56.20:314][  0]LogConfig: Setting CVar [[r.Shadow.CSM.TransitionScale:1.0]]
[2020.05.12-21.56.20:314][  0]LogConfig: Setting CVar [[r.Shadow.PreShadowResolutionFactor:1.0]]
[2020.05.12-21.56.20:314][  0]LogConfig: Setting CVar [[r.DistanceFieldShadowing:1]]
[2020.05.12-21.56.20:314][  0]LogConfig: Setting CVar [[r.DistanceFieldAO:1]]
[2020.05.12-21.56.20:314][  0]LogConfig: Setting CVar [[r.AOQuality:2]]
[2020.05.12-21.56.20:314][  0]LogConfig: Setting CVar [[r.VolumetricFog:1]]
[2020.05.12-21.56.20:314][  0]LogConfig: Setting CVar [[r.VolumetricFog.GridPixelSize:8]]
[2020.05.12-21.56.20:314][  0]LogConfig: Setting CVar [[r.VolumetricFog.GridSizeZ:128]]
[2020.05.12-21.56.20:314][  0]LogConfig: Setting CVar [[r.VolumetricFog.HistoryMissSupersampleCount:4]]
[2020.05.12-21.56.20:314][  0]LogConfig: Setting CVar [[r.LightMaxDrawDistanceScale:1]]
[2020.05.12-21.56.20:314][  0]LogConfig: Setting CVar [[r.CapsuleShadows:1]]
[2020.05.12-21.56.20:314][  0]LogConfig: Applying CVar settings from Section [PostProcessQuality@3] File [C:/Users/neklu/OneDrive/Документы/Unreal Projects/SvS/Saved/Config/Windows/Scalability.ini]
[2020.05.12-21.56.20:314][  0]LogConfig: Setting CVar [[r.MotionBlurQuality:4]]
[2020.05.12-21.56.20:314][  0]LogConfig: Setting CVar [[r.AmbientOcclusionMipLevelFactor:0.4]]
[2020.05.12-21.56.20:314][  0]LogConfig: Setting CVar [[r.AmbientOcclusionMaxQuality:100]]
[2020.05.12-21.56.20:314][  0]LogConfig: Setting CVar [[r.AmbientOcclusionLevels:-1]]
[2020.05.12-21.56.20:314][  0]LogConfig: Setting CVar [[r.AmbientOcclusionRadiusScale:1.0]]
[2020.05.12-21.56.20:314][  0]LogConfig: Setting CVar [[r.DepthOfFieldQuality:2]]
[2020.05.12-21.56.20:314][  0]LogConfig: Setting CVar [[r.RenderTargetPoolMin:400]]
[2020.05.12-21.56.20:314][  0]LogConfig: Setting CVar [[r.LensFlareQuality:2]]
[2020.05.12-21.56.20:314][  0]LogConfig: Setting CVar [[r.SceneColorFringeQuality:1]]
[2020.05.12-21.56.20:314][  0]LogConfig: Setting CVar [[r.EyeAdaptationQuality:2]]
[2020.05.12-21.56.20:314][  0]LogConfig: Setting CVar [[r.BloomQuality:5]]
[2020.05.12-21.56.20:314][  0]LogConfig: Setting CVar [[r.FastBlurThreshold:100]]
[2020.05.12-21.56.20:314][  0]LogConfig: Setting CVar [[r.Upscale.Quality:3]]
[2020.05.12-21.56.20:314][  0]LogConfig: Setting CVar [[r.Tonemapper.GrainQuantization:1]]
[2020.05.12-21.56.20:314][  0]LogConfig: Setting CVar [[r.LightShaftQuality:1]]
[2020.05.12-21.56.20:314][  0]LogConfig: Setting CVar [[r.Filter.SizeScale:1]]
[2020.05.12-21.56.20:314][  0]LogConfig: Setting CVar [[r.Tonemapper.Quality:5]]
[2020.05.12-21.56.20:314][  0]LogConfig: Setting CVar [[r.DOF.Gather.AccumulatorQuality:1        ; higher gathering accumulator quality]]
[2020.05.12-21.56.20:314][  0]LogConfig: Setting CVar [[r.DOF.Gather.PostfilterMethod:1          ; Median3x3 postfilering method]]
[2020.05.12-21.56.20:314][  0]LogConfig: Setting CVar [[r.DOF.Gather.EnableBokehSettings:0       ; no bokeh simulation when gathering]]
[2020.05.12-21.56.20:314][  0]LogConfig: Setting CVar [[r.DOF.Gather.RingCount:4                 ; medium number of samples when gathering]]
[2020.05.12-21.56.20:314][  0]LogConfig: Setting CVar [[r.DOF.Scatter.ForegroundCompositing:1    ; additive foreground scattering]]
[2020.05.12-21.56.20:314][  0]LogConfig: Setting CVar [[r.DOF.Scatter.BackgroundCompositing:2    ; additive background scattering]]
[2020.05.12-21.56.20:315][  0]LogConfig: Setting CVar [[r.DOF.Scatter.EnableBokehSettings:1      ; bokeh simulation when scattering]]
[2020.05.12-21.56.20:315][  0]LogConfig: Setting CVar [[r.DOF.Scatter.MaxSpriteRatio:0.1         ; only a maximum of 10% of scattered bokeh]]
[2020.05.12-21.56.20:315][  0]LogConfig: Setting CVar [[r.DOF.Recombine.Quality:1                ; cheap slight out of focus]]
[2020.05.12-21.56.20:315][  0]LogConfig: Setting CVar [[r.DOF.Recombine.EnableBokehSettings:0    ; no bokeh simulation on slight out of focus]]
[2020.05.12-21.56.20:315][  0]LogConfig: Setting CVar [[r.DOF.TemporalAAQuality:1                ; more stable temporal accumulation]]
[2020.05.12-21.56.20:315][  0]LogConfig: Setting CVar [[r.DOF.Kernel.MaxForegroundRadius:0.025]]
[2020.05.12-21.56.20:315][  0]LogConfig: Setting CVar [[r.DOF.Kernel.MaxBackgroundRadius:0.025]]
[2020.05.12-21.56.20:315][  0]LogConfig: Applying CVar settings from Section [TextureQuality@3] File [C:/Users/neklu/OneDrive/Документы/Unreal Projects/SvS/Saved/Config/Windows/Scalability.ini]
[2020.05.12-21.56.20:315][  0]LogConfig: Setting CVar [[r.Streaming.MipBias:0]]
[2020.05.12-21.56.20:315][  0]LogConfig: Setting CVar [[r.Streaming.AmortizeCPUToGPUCopy:0]]
[2020.05.12-21.56.20:315][  0]LogConfig: Setting CVar [[r.Streaming.MaxNumTexturesToStreamPerFrame:0]]
[2020.05.12-21.56.20:315][  0]LogConfig: Setting CVar [[r.Streaming.Boost:1]]
[2020.05.12-21.56.20:315][  0]LogConfig: Setting CVar [[r.MaxAnisotropy:8]]
[2020.05.12-21.56.20:315][  0]LogConfig: Setting CVar [[r.VT.MaxAnisotropy:8]]
[2020.05.12-21.56.20:315][  0]LogConfig: Setting CVar [[r.Streaming.LimitPoolSizeToVRAM:0]]
[2020.05.12-21.56.20:315][  0]LogConfig: Setting CVar [[r.Streaming.PoolSize:1000]]
[2020.05.12-21.56.20:315][  0]LogConfig: Setting CVar [[r.Streaming.MaxEffectiveScreenSize:0]]
[2020.05.12-21.56.20:315][  0]LogConfig: Applying CVar settings from Section [EffectsQuality@3] File [C:/Users/neklu/OneDrive/Документы/Unreal Projects/SvS/Saved/Config/Windows/Scalability.ini]
[2020.05.12-21.56.20:315][  0]LogConfig: Setting CVar [[r.TranslucencyLightingVolumeDim:64]]
[2020.05.12-21.56.20:315][  0]LogConfig: Setting CVar [[r.RefractionQuality:2]]
[2020.05.12-21.56.20:315][  0]LogConfig: Setting CVar [[r.SSR.Quality:3]]
[2020.05.12-21.56.20:315][  0]LogConfig: Setting CVar [[r.SSR.HalfResSceneColor:0]]
[2020.05.12-21.56.20:315][  0]LogConfig: Setting CVar [[r.SceneColorFormat:4]]
[2020.05.12-21.56.20:315][  0]LogConfig: Setting CVar [[r.DetailMode:2]]
[2020.05.12-21.56.20:315][  0]LogConfig: Setting CVar [[r.TranslucencyVolumeBlur:1]]
[2020.05.12-21.56.20:315][  0]LogConfig: Setting CVar [[r.MaterialQualityLevel:1 ; High quality]]
[2020.05.12-21.56.20:315][  0]LogConfig: Setting CVar [[r.SSS.Scale:1]]
[2020.05.12-21.56.20:315][  0]LogConfig: Setting CVar [[r.SSS.SampleSet:2]]
[2020.05.12-21.56.20:315][  0]LogConfig: Setting CVar [[r.SSS.Quality:1]]
[2020.05.12-21.56.20:315][  0]LogConfig: Setting CVar [[r.SSS.HalfRes:0]]
[2020.05.12-21.56.20:315][  0]LogConfig: Setting CVar [[r.SSGI.Quality:3]]
[2020.05.12-21.56.20:315][  0]LogConfig: Setting CVar [[r.EmitterSpawnRateScale:1.0]]
[2020.05.12-21.56.20:315][  0]LogConfig: Setting CVar [[r.ParticleLightQuality:2]]
[2020.05.12-21.56.20:315][  0]LogConfig: Setting CVar [[r.SkyAtmosphere.AerialPerspectiveLUT.FastApplyOnOpaque:1 ; Always have FastSkyLUT 1 in this case to avoid wrong sky]]
[2020.05.12-21.56.20:315][  0]LogConfig: Setting CVar [[r.SkyAtmosphere.AerialPerspectiveLUT.SampleCountPerSlice:1]]
[2020.05.12-21.56.20:315][  0]LogConfig: Setting CVar [[r.SkyAtmosphere.AerialPerspectiveLUT.DepthResolution:16.0]]
[2020.05.12-21.56.20:315][  0]LogConfig: Setting CVar [[r.SkyAtmosphere.FastSkyLUT:1]]
[2020.05.12-21.56.20:315][  0]LogConfig: Setting CVar [[r.SkyAtmosphere.FastSkyLUT.SampleCountMin:4.0]]
[2020.05.12-21.56.20:315][  0]LogConfig: Setting CVar [[r.SkyAtmosphere.FastSkyLUT.SampleCountMax:32.0]]
[2020.05.12-21.56.20:315][  0]LogConfig: Setting CVar [[r.SkyAtmosphere.SampleCountMin:4.0]]
[2020.05.12-21.56.20:315][  0]LogConfig: Setting CVar [[r.SkyAtmosphere.SampleCountMax:32.0]]
[2020.05.12-21.56.20:315][  0]LogConfig: Setting CVar [[r.SkyAtmosphere.TransmittanceLUT.UseSmallFormat:0]]
[2020.05.12-21.56.20:315][  0]LogConfig: Setting CVar [[r.SkyAtmosphere.TransmittanceLUT.SampleCount:10.0]]
[2020.05.12-21.56.20:315][  0]LogConfig: Setting CVar [[r.SkyAtmosphere.MultiScatteringLUT.SampleCount:15.0]]
[2020.05.12-21.56.20:315][  0]LogConfig: Applying CVar settings from Section [FoliageQuality@3] File [C:/Users/neklu/OneDrive/Документы/Unreal Projects/SvS/Saved/Config/Windows/Scalability.ini]
[2020.05.12-21.56.20:315][  0]LogConfig: Setting CVar [[foliage.DensityScale:1.0]]
[2020.05.12-21.56.20:315][  0]LogConfig: Setting CVar [[grass.DensityScale:1.0]]
[2020.05.12-21.56.20:315][  0]LogConfig: Applying CVar settings from Section [ShadingQuality@3] File [C:/Users/neklu/OneDrive/Документы/Unreal Projects/SvS/Saved/Config/Windows/Scalability.ini]
[2020.05.12-21.56.20:315][  0]LogConfig: Setting CVar [[r.HairStrands.SkyLighting.SampleCount:16]]
[2020.05.12-21.56.20:315][  0]LogConfig: Setting CVar [[r.HairStrands.SkyLighting.JitterIntegration:0]]
[2020.05.12-21.56.20:315][  0]LogConfig: Setting CVar [[r.HairStrands.SkyAO.SampleCount:16]]
[2020.05.12-21.56.20:315][  0]LogConfig: Setting CVar [[r.HairStrands.DeepShadow.SuperSampling:0]]
[2020.05.12-21.56.20:315][  0]LogConfig: Setting CVar [[r.HairStrands.VisibilityPPLL:0]]
[2020.05.12-21.56.20:315][  0]LogConfig: Setting CVar [[r.HairStrands.RasterizationScale:0.5]]
[2020.05.12-21.56.20:315][  0]LogConfig: Setting CVar [[r.HairStrands.VelocityRasterizationScale:1]]
[2020.05.12-21.56.20:315][  0]LogConfig: Applying CVar settings from Section [Startup] File [../../../Engine/Config/ConsoleVariables.ini]
[2020.05.12-21.56.20:315][  0]LogConfig: Setting CVar [[net.UseAdaptiveNetUpdateFrequency:0]]
[2020.05.12-21.56.20:315][  0]LogConfig: Setting CVar [[p.chaos.AllowCreatePhysxBodies:1]]
[2020.05.12-21.56.20:315][  0]LogConfig: Setting CVar [[fx.SkipVectorVMBackendOptimizations:1]]
[2020.05.12-21.56.20:315][  0]LogConfig: Applying CVar settings from Section [ConsoleVariables] File [C:/Users/neklu/OneDrive/Документы/Unreal Projects/SvS/Saved/Config/Windows/Engine.ini]
[2020.05.12-21.56.20:316][  0]LogInit: Computer: LAPTOP-GHA68O1Q
[2020.05.12-21.56.20:316][  0]LogInit: User: neklu
[2020.05.12-21.56.20:316][  0]LogInit: CPU Page size=4096, Cores=6
[2020.05.12-21.56.20:316][  0]LogInit: High frequency timer resolution =10.000000 MHz
[2020.05.12-21.56.20:316][  0]LogMemory: Memory total: Physical=11.8GB (12GB approx)
[2020.05.12-21.56.20:316][  0]LogMemory: Platform Memory Stats for Windows
[2020.05.12-21.56.20:316][  0]LogMemory: Process Physical Memory: 116.16 MB used, 116.16 MB peak
[2020.05.12-21.56.20:316][  0]LogMemory: Process Virtual Memory: 105.52 MB used, 105.52 MB peak
[2020.05.12-21.56.20:316][  0]LogMemory: Physical Memory: 8226.54 MB used,  3868.66 MB free, 12095.20 MB total
[2020.05.12-21.56.20:316][  0]LogMemory: Virtual Memory: 5174.77 MB used,  134212552.00 MB free, 134217728.00 MB total
[2020.05.12-21.56.20:322][  0]LogWindows: WindowsPlatformFeatures enabled
[2020.05.12-21.56.20:349][  0]LogInit: Physics initialised using underlying interface: PhysX
[2020.05.12-21.56.20:350][  0]LogInit: Using OS detected language (ru-RU).
[2020.05.12-21.56.20:350][  0]LogInit: Using OS detected locale (ru-RU).
[2020.05.12-21.56.20:352][  0]LogTextLocalizationManager: No specific localization for 'ru-RU' exists, so the 'ru' localization will be used.
[2020.05.12-21.56.20:352][  0]LogTextLocalizationResource: LocRes '../../../Engine/Content/Localization/Editor/ru/Editor.locres' could not be opened for reading!
[2020.05.12-21.56.20:352][  0]LogTextLocalizationResource: LocRes '../../../Engine/Content/Localization/EditorTutorials/ru/EditorTutorials.locres' could not be opened for reading!
[2020.05.12-21.56.20:352][  0]LogTextLocalizationResource: LocRes '../../../Engine/Content/Localization/Keywords/ru/Keywords.locres' could not be opened for reading!
[2020.05.12-21.56.20:352][  0]LogTextLocalizationResource: LocRes '../../../Engine/Content/Localization/Category/ru/Category.locres' could not be opened for reading!
[2020.05.12-21.56.20:352][  0]LogTextLocalizationResource: LocRes '../../../Engine/Content/Localization/ToolTips/ru/ToolTips.locres' could not be opened for reading!
[2020.05.12-21.56.20:353][  0]LogTextLocalizationResource: LocRes '../../../Engine/Content/Localization/PropertyNames/ru/PropertyNames.locres' could not be opened for reading!
[2020.05.12-21.56.20:353][  0]LogTextLocalizationResource: LocRes '../../../Engine/Content/Localization/Engine/ru/Engine.locres' could not be opened for reading!
[2020.05.12-21.56.20:353][  0]LogInit: Setting process to per monitor DPI aware
[2020.05.12-21.56.20:380][  0]LogSlate: New Slate User Created.  User Index 0, Is Virtual User: 0
[2020.05.12-21.56.20:380][  0]LogSlate: Slate User Registered.  User Index 0, Is Virtual User: 0
[2020.05.12-21.56.20:531][  0]LogHMD: Failed to initialize OpenVR with code 110
[2020.05.12-21.56.20:531][  0]LogD3D11RHI: D3D11 min allowed feature level: 11_0
[2020.05.12-21.56.20:531][  0]LogD3D11RHI: D3D11 max allowed feature level: 11_0
[2020.05.12-21.56.20:531][  0]LogD3D11RHI: D3D11 adapters:
[2020.05.12-21.56.20:599][  0]LogD3D11RHI:    0. 'NVIDIA GeForce GTX 1050 Ti' (Feature Level 11_0)
[2020.05.12-21.56.20:599][  0]LogD3D11RHI:       4018/0/6047 MB DedicatedVideo/DedicatedSystem/SharedSystem, Outputs:1, VendorId:0x10de
[2020.05.12-21.56.20:612][  0]LogD3D11RHI:    1. 'Intel(R) UHD Graphics 630' (Feature Level 11_0)
[2020.05.12-21.56.20:612][  0]LogD3D11RHI:       128/0/6047 MB DedicatedVideo/DedicatedSystem/SharedSystem, Outputs:0, VendorId:0x8086
[2020.05.12-21.56.20:614][  0]LogD3D11RHI:    2. 'Microsoft Basic Render Driver' (Feature Level 11_0)
[2020.05.12-21.56.20:615][  0]LogD3D11RHI:       0/0/6047 MB DedicatedVideo/DedicatedSystem/SharedSystem, Outputs:0, VendorId:0x1414
[2020.05.12-21.56.20:615][  0]LogD3D11RHI: Chosen D3D11 Adapter: 0
[2020.05.12-21.56.20:656][  0]LogD3D11RHI: Creating new Direct3DDevice
[2020.05.12-21.56.20:656][  0]LogD3D11RHI:     GPU DeviceId: 0x1c8c (for the marketing name, search the web for "GPU Device Id")
[2020.05.12-21.56.20:656][  0]LogWindows: EnumDisplayDevices:
[2020.05.12-21.56.20:656][  0]LogWindows:    0. 'Intel(R) UHD Graphics 630' (P:1 D:1)
[2020.05.12-21.56.20:656][  0]LogWindows:    1. 'Intel(R) UHD Graphics 630' (P:0 D:0)
[2020.05.12-21.56.20:656][  0]LogWindows:    2. 'Intel(R) UHD Graphics 630' (P:0 D:0)
[2020.05.12-21.56.20:657][  0]LogWindows:    3. 'NVIDIA GeForce GTX 1050 Ti' (P:0 D:0)
[2020.05.12-21.56.20:657][  0]LogWindows:    4. 'NVIDIA GeForce GTX 1050 Ti' (P:0 D:0)
[2020.05.12-21.56.20:657][  0]LogWindows:    5. 'NVIDIA GeForce GTX 1050 Ti' (P:0 D:0)
[2020.05.12-21.56.20:657][  0]LogWindows:    6. 'NVIDIA GeForce GTX 1050 Ti' (P:0 D:0)
[2020.05.12-21.56.20:657][  0]LogWindows: DebugString: PrimaryIsNotTheChoosenAdapter PrimaryIsNotTheChoosenAdapter PrimaryIsNotTheChoosenAdapter FoundDriverCount:4 
[2020.05.12-21.56.20:657][  0]LogD3D11RHI:     Adapter Name: NVIDIA GeForce GTX 1050 Ti
[2020.05.12-21.56.20:657][  0]LogD3D11RHI:   Driver Version: 445.87 (internal:26.21.14.4587, unified:445.87)
[2020.05.12-21.56.20:657][  0]LogD3D11RHI:      Driver Date: 4-3-2020
[2020.05.12-21.56.20:658][  0]LogRHI: Texture pool is 2812 MB (70% of 4018 MB)
[2020.05.12-21.56.20:711][  0]LogD3D11RHI: RHI has support for 64 bit atomics
[2020.05.12-21.56.20:713][  0]LogD3D11RHI: [Aftermath] Enabled and primed
[2020.05.12-21.56.20:713][  0]LogD3D11RHI: Async texture creation enabled
[2020.05.12-21.56.20:713][  0]LogD3D11RHI: Array index from any shader is supported
[2020.05.12-21.56.20:733][  0]LogD3D11RHI: GPU Timing Frequency: 1000.000000 (Debug: 2 1)
[2020.05.12-21.56.21:085][  0]LogTargetPlatformManager: Display: Loaded TargetPlatform 'AllDesktop'
[2020.05.12-21.56.21:106][  0]LogTargetPlatformManager: Display: Loaded TargetPlatform 'Android'
[2020.05.12-21.56.21:106][  0]LogTargetPlatformManager: Display: Loaded TargetPlatform 'Android_ASTC'
[2020.05.12-21.56.21:106][  0]LogTargetPlatformManager: Display: Loaded TargetPlatform 'Android_DXT'
[2020.05.12-21.56.21:106][  0]LogTargetPlatformManager: Display: Loaded TargetPlatform 'Android_ETC2'
[2020.05.12-21.56.21:106][  0]LogTargetPlatformManager: Display: Loaded TargetPlatform 'AndroidClient'
[2020.05.12-21.56.21:106][  0]LogTargetPlatformManager: Display: Loaded TargetPlatform 'Android_ASTCClient'
[2020.05.12-21.56.21:106][  0]LogTargetPlatformManager: Display: Loaded TargetPlatform 'Android_DXTClient'
[2020.05.12-21.56.21:106][  0]LogTargetPlatformManager: Display: Loaded TargetPlatform 'Android_ETC2Client'
[2020.05.12-21.56.21:106][  0]LogTargetPlatformManager: Display: Loaded TargetPlatform 'Android_Multi'
[2020.05.12-21.56.21:106][  0]LogTargetPlatformManager: Display: Loaded TargetPlatform 'Android_MultiClient'
[2020.05.12-21.56.21:127][  0]LogTargetPlatformManager: Display: Loaded TargetPlatform 'IOSClient'
[2020.05.12-21.56.21:127][  0]LogTargetPlatformManager: Display: Loaded TargetPlatform 'IOS'
[2020.05.12-21.56.21:136][  0]LogTargetPlatformManager: Display: Loaded TargetPlatform 'Linux'
[2020.05.12-21.56.21:144][  0]LogTargetPlatformManager: Display: Loaded TargetPlatform 'LinuxNoEditor'
[2020.05.12-21.56.21:152][  0]LogTargetPlatformManager: Display: Loaded TargetPlatform 'LinuxClient'
[2020.05.12-21.56.21:160][  0]LogTargetPlatformManager: Display: Loaded TargetPlatform 'LinuxServer'
[2020.05.12-21.56.21:168][  0]LogTargetPlatformManager: Display: Loaded TargetPlatform 'LinuxAArch64NoEditor'
[2020.05.12-21.56.21:176][  0]LogTargetPlatformManager: Display: Loaded TargetPlatform 'LinuxAArch64Client'
[2020.05.12-21.56.21:184][  0]LogTargetPlatformManager: Display: Loaded TargetPlatform 'LinuxAArch64Server'
[2020.05.12-21.56.21:208][  0]LogTargetPlatformManager: Display: Loaded TargetPlatform 'Lumin'
[2020.05.12-21.56.21:208][  0]LogTargetPlatformManager: Display: Loaded TargetPlatform 'LuminClient'
[2020.05.12-21.56.21:223][  0]LogTargetPlatformManager: Display: Loaded TargetPlatform 'TVOSClient'
[2020.05.12-21.56.21:223][  0]LogTargetPlatformManager: Display: Loaded TargetPlatform 'TVOS'
[2020.05.12-21.56.21:231][  0]LogTargetPlatformManager: Display: Loaded TargetPlatform 'WindowsNoEditor'
[2020.05.12-21.56.21:239][  0]LogTargetPlatformManager: Display: Loaded TargetPlatform 'Windows'
[2020.05.12-21.56.21:247][  0]LogTargetPlatformManager: Display: Loaded TargetPlatform 'WindowsClient'
[2020.05.12-21.56.21:257][  0]LogTargetPlatformManager: Display: Loaded TargetPlatform 'WindowsServer'
[2020.05.12-21.56.21:257][  0]LogTargetPlatformManager: Display: Building Assets For Windows
[2020.05.12-21.56.21:262][  0]LogAudioDebug: Display: Lib vorbis DLL was dynamically loaded.
[2020.05.12-21.56.21:309][  0]LogShaderCompilers: Guid format shader working directory is -8 characters bigger than the processId version (C:/Users/neklu/OneDrive/Документы/Unreal Projects/SvS/Intermediate/Shaders/WorkingDirectory/14904/).
[2020.05.12-21.56.21:309][  0]LogShaderCompilers: Cleaned the shader compiler working directory 'C:/Users/neklu/AppData/Local/Temp/UnrealShaderWorkingDir/8DCC9EA046641B751379E99DBF56CAF0/'.
[2020.05.12-21.56.21:309][  0]LogXGEController: Cannot use XGE Controller as Incredibuild is not installed on this machine.
[2020.05.12-21.56.21:309][  0]LogShaderCompilers: Cannot use XGE Shader Compiler as Incredibuild is not installed on this machine.
[2020.05.12-21.56.21:309][  0]LogShaderCompilers: Display: Using Local Shader Compiler.
[2020.05.12-21.56.22:031][  0]LogDerivedDataCache: Display: Max Cache Size: 512 MB
[2020.05.12-21.56.22:106][  0]LogDerivedDataCache: Loaded boot cache 0.08s 104MB C:/Users/neklu/AppData/Local/UnrealEngine/4.25/DerivedDataCache/Boot.ddc.
[2020.05.12-21.56.22:106][  0]LogDerivedDataCache: Display: Loaded Boot cache: C:/Users/neklu/AppData/Local/UnrealEngine/4.25/DerivedDataCache/Boot.ddc
[2020.05.12-21.56.22:106][  0]LogDerivedDataCache: FDerivedDataBackendGraph:  Pak pak cache file C:/Users/neklu/OneDrive/Документы/Unreal Projects/SvS/DerivedDataCache/DDC.ddp not found, will not use a pak cache.
[2020.05.12-21.56.22:106][  0]LogDerivedDataCache: Unable to find inner node Pak for hierarchical cache Hierarchy.
[2020.05.12-21.56.22:106][  0]LogDerivedDataCache: FDerivedDataBackendGraph:  CompressedPak pak cache file C:/Users/neklu/OneDrive/Документы/Unreal Projects/SvS/DerivedDataCache/Compressed.ddp not found, will not use a pak cache.
[2020.05.12-21.56.22:106][  0]LogDerivedDataCache: Unable to find inner node CompressedPak for hierarchical cache Hierarchy.
[2020.05.12-21.56.22:116][  0]LogDerivedDataCache: Display: Pak cache opened for reading ../../../Engine/DerivedDataCache/Compressed.ddp.
[2020.05.12-21.56.22:116][  0]LogDerivedDataCache: FDerivedDataBackendGraph:  EnterprisePak pak cache file ../../../Enterprise/DerivedDataCache/Compressed.ddp not found, will not use a pak cache.
[2020.05.12-21.56.22:116][  0]LogDerivedDataCache: Unable to find inner node EnterprisePak for hierarchical cache Hierarchy.
[2020.05.12-21.56.22:117][  0]LogDerivedDataCache: Using Local data cache path C:/Users/neklu/AppData/Local/UnrealEngine/Common/DerivedDataCache: Writable
[2020.05.12-21.56.22:117][  0]LogDerivedDataCache: Shared data cache path not found in *engine.ini, will not use an Shared cache.
[2020.05.12-21.56.22:117][  0]LogDerivedDataCache: Unable to find inner node Shared for hierarchical cache Hierarchy.
[2020.05.12-21.56.22:176][  0]LogSlate: Using FreeType 2.10.0
[2020.05.12-21.56.22:176][  0]LogSlate: SlateFontServices - WITH_FREETYPE: 1, WITH_HARFBUZZ: 1
[2020.05.12-21.56.22:199][  0]LogAssetRegistry: FAssetRegistry took 0.0023 seconds to start up
[2020.05.12-21.56.22:408][  0]LogInit: Selected Device Profile: [Windows]
[2020.05.12-21.56.22:512][  0]LogMeshReduction: Using QuadricMeshReduction for automatic static mesh reduction
[2020.05.12-21.56.22:512][  0]LogMeshReduction: Using SimplygonMeshReduction for automatic skeletal mesh reduction
[2020.05.12-21.56.22:512][  0]LogMeshReduction: Using ProxyLODMeshReduction for automatic mesh merging
[2020.05.12-21.56.22:512][  0]LogMeshReduction: No distributed automatic mesh merging module available
[2020.05.12-21.56.22:512][  0]LogMeshMerging: No distributed automatic mesh merging module available
[2020.05.12-21.56.22:525][  0]LogNetVersion: SvS 1.0.0, NetCL: 13144385, EngineNetVer: 14, GameNetVer: 0 (Checksum: 255305119)
[2020.05.12-21.56.22:911][  0]LogAISub: UAISubsystem::UAISubsystem AISubsystem (00000189C93FB380), frame # 0
[2020.05.12-21.56.22:911][  0]LogAISub: UAISubsystem::UAISubsystem AIPerceptionSystem (00000189C93CAD40), frame # 0
[2020.05.12-21.56.22:912][  0]LogAISub: UAISubsystem::UAISubsystem EnvQueryManager (00000189C9440A00), frame # 0
[2020.05.12-21.56.22:978][  0]LogPackageLocalizationCache: Processed 19 localized package path(s) for 1 prioritized culture(s) in 0.061315 seconds
[2020.05.12-21.56.22:983][  0]LogUObjectArray: 15917 objects as part of root set at end of initial load.
[2020.05.12-21.56.22:983][  0]LogUObjectAllocator: 3965568 out of 0 bytes used by permanent object pool.
[2020.05.12-21.56.22:983][  0]LogUObjectArray: CloseDisregardForGC: 0/0 objects in disregard for GC pool
[2020.05.12-21.56.23:259][  0]LogTcpMessaging: Initializing TcpMessaging bridge
[2020.05.12-21.56.23:263][  0]LogUdpMessaging: Initializing bridge on interface 0.0.0.0:0 to multicast group 230.0.0.1:6666.
[2020.05.12-21.56.23:350][  0]SourceControl: Source control is disabled
[2020.05.12-21.56.23:350][  0]SourceControl: Source control is disabled
[2020.05.12-21.56.23:353][  0]SourceControl: Source control is disabled
[2020.05.12-21.56.23:355][  0]SourceControl: Source control is disabled
[2020.05.12-21.56.23:361][  0]SourceControl: Source control is disabled
[2020.05.12-21.56.23:553][  0]LogAndroidPermission: UAndroidPermissionCallbackProxy::GetInstance
[2020.05.12-21.56.23:569][  0]LogAudioCaptureCore: Display: No Audio Capture implementations found. Audio input will be silent.
[2020.05.12-21.56.23:569][  0]LogAudioCaptureCore: Display: No Audio Capture implementations found. Audio input will be silent.
[2020.05.12-21.56.23:612][  0]LogOcInput: OculusInput pre-init called
[2020.05.12-21.56.23:621][  0]LogWindows: Failed to load 'OVRPlugin.dll' (GetLastError=126)
[2020.05.12-21.56.23:621][  0]LogWindows: File 'OVRPlugin.dll' does not exist
[2020.05.12-21.56.23:675][  0]LogEngine: Initializing Engine...
[2020.05.12-21.56.23:730][  0]LogHMD: Failed to initialize OpenVR with code 110
[2020.05.12-21.56.23:745][  0]LogMagicLeap: Warning: VR disabled because ZI is not enabled.  To enable, in the editor, Edit -> Project Settings -> Plugins -> Magic Leap Plugin -> Enable Zero Iteration
[2020.05.12-21.56.23:745][  0]LogStats: UGameplayTagsManager::InitializeManager -  0.000 s
[2020.05.12-21.56.23:869][  0]LogInit: Initializing FReadOnlyCVARCache
[2020.05.12-21.56.23:877][  0]LogAIModule: Creating AISystem for world Untitled
[2020.05.12-21.56.23:877][  0]LogAISub: UAISubsystem::UAISubsystem EnvQueryManager (00000189D12F0C00), frame # 0
[2020.05.12-21.56.23:877][  0]LogAISub: UAISubsystem::UAISubsystem AIPerceptionSystem (00000189D12C7100), frame # 0
[2020.05.12-21.56.23:898][  0]LogAudioMixer: Display: Audio Mixer Platform Settings:
[2020.05.12-21.56.23:898][  0]LogAudioMixer: Display: 	Sample Rate:						  48000
[2020.05.12-21.56.23:898][  0]LogAudioMixer: Display: 	Callback Buffer Frame Size Requested: 1024
[2020.05.12-21.56.23:898][  0]LogAudioMixer: Display: 	Callback Buffer Frame Size To Use:	  1024
[2020.05.12-21.56.23:898][  0]LogAudioMixer: Display: 	Number of buffers to queue:			  2
[2020.05.12-21.56.23:898][  0]LogAudioMixer: Display: 	Max Channels (voices):				  32
[2020.05.12-21.56.23:898][  0]LogAudioMixer: Display: 	Number of Async Source Workers:		  0
[2020.05.12-21.56.23:898][  0]LogAudio: Display: AudioDevice MaxSources: 32
[2020.05.12-21.56.23:898][  0]LogAudio: Display: Using built-in audio occlusion.
[2020.05.12-21.56.23:898][  0]LogAudioMixer: Display: Initializing audio mixer.
[2020.05.12-21.56.23:915][  0]LogAudioMixer: Display: 0: FrontLeft
[2020.05.12-21.56.23:916][  0]LogAudioMixer: Display: 1: FrontRight
[2020.05.12-21.56.23:963][  0]LogAudioMixer: Display: Using Audio Device Динамики (Realtek High Definition Audio)
[2020.05.12-21.56.23:966][  0]LogAudioMixer: Display: Initializing Sound Submixes...
[2020.05.12-21.56.23:968][  0]LogAudioMixer: Display: Creating Master Submix 'MasterSubmixDefault'
[2020.05.12-21.56.23:968][  0]LogAudioMixer: Display: Creating Master Submix 'MasterReverbSubmixDefault'
[2020.05.12-21.56.23:969][  0]LogAudioMixer: Display: Creating Master Submix 'MasterEQSubmixDefault'
[2020.05.12-21.56.23:971][  0]LogInit: FAudioDevice initialized.
[2020.05.12-21.56.23:971][  0]LogNetVersion: Set ProjectVersion to 1.0.0.0. Version Checksum will be recalculated on next use.
[2020.05.12-21.56.24:039][  0]LogDerivedDataCache: Saved boot cache 0.07s 104MB C:/Users/neklu/AppData/Local/UnrealEngine/4.25/DerivedDataCache/Boot.ddc.
[2020.05.12-21.56.24:046][  0]LogInit: Texture streaming: Enabled
[2020.05.12-21.56.24:062][  0]LogEngineSessionManager: EngineSessionManager initialized
[2020.05.12-21.56.24:062][  0]LogEditorSessionSummary: Verbose: Initializing EditorSessionSummaryWriter for editor session tracking
[2020.05.12-21.56.24:063][  0]LogEditorSessionSummary: EditorSessionSummaryWriter initialized
[2020.05.12-21.56.24:233][  0]LogInit: Transaction tracking system initialized
[2020.05.12-21.56.24:250][  0]BlueprintLog: New page: Editor Load
[2020.05.12-21.56.24:306][  0]LocalizationService: Localization service is disabled
[2020.05.12-21.56.24:907][  0]LogCook: Display: Max memory allowance for cook 16384mb min free memory 0mb
[2020.05.12-21.56.24:908][  0]LogCook: Display: Mobile HDR setting 1
[2020.05.12-21.56.25:018][  0]LogFileCache: Scanning file cache for directory 'C:/Users/neklu/OneDrive/Документы/Unreal Projects/SvS/Content/' took 0.03s
[2020.05.12-21.56.25:200][  0]SourceControl: Source control is disabled
[2020.05.12-21.56.25:200][  0]LogUnrealEdMisc: Loading editor; pre map load, took 6.322
[2020.05.12-21.56.25:200][  0]Cmd: MAP LOAD FILE="C:/Users/neklu/OneDrive/Документы/Unreal Projects/SvS/Content/Maps/Test_map.umap" TEMPLATE=0 SHOWPROGRESS=1 FEATURELEVEL=3
[2020.05.12-21.56.25:201][  0]LightingResults: New page: Lighting Build
[2020.05.12-21.56.25:201][  0]LogWorld: UWorld::CleanupWorld for Untitled, bSessionEnded=true, bCleanupResources=true
[2020.05.12-21.56.25:201][  0]LogSlate: InvalidateAllWidgets triggered.  All widgets were invalidated
[2020.05.12-21.56.25:201][  0]MapCheck: New page: Map Check
[2020.05.12-21.56.25:201][  0]LightingResults: New page: Lighting Build
[2020.05.12-21.56.25:210][  0]LogAISub: UAISubsystem::~UAISubsystem EnvQueryManager (00000189D12F0C00), frame # 0
[2020.05.12-21.56.25:210][  0]LogAISub: UAISubsystem::~UAISubsystem AIPerceptionSystem (00000189D12C7100), frame # 0
[2020.05.12-21.56.25:211][  0]LogUObjectHash: Compacting FUObjectHashTables data took   0.67ms
[2020.05.12-21.56.25:432][  0]LogAIModule: Creating AISystem for world Test_map
[2020.05.12-21.56.25:432][  0]LogAISub: UAISubsystem::UAISubsystem EnvQueryManager (00000189B7E7A600), frame # 0
[2020.05.12-21.56.25:432][  0]LogAISub: UAISubsystem::UAISubsystem AIPerceptionSystem (00000189B7FC8A40), frame # 0
[2020.05.12-21.56.26:428][  0]LogEditorServer: Finished looking for orphan Actors (0.000 secs)
[2020.05.12-21.56.26:539][  0]LogUObjectHash: Compacting FUObjectHashTables data took   0.71ms
[2020.05.12-21.56.26:540][  0]Cmd: MAP CHECKDEP NOCLEARLOG
[2020.05.12-21.56.26:540][  0]MapCheck: Map check complete: 0 Error(s), 0 Warning(s), took 0,124ms to complete.
[2020.05.12-21.56.26:540][  0]LogFileHelpers: Loading map 'Test_map' took 1.340
[2020.05.12-21.56.26:541][  0]LogUnrealEdMisc: Total Editor Startup Time, took 7.663
[2020.05.12-21.56.29:161][  0]LogSlate: Updating window title bar state: overlay mode, drag disabled, window buttons hidden, title bar hidden
[2020.05.12-21.56.29:171][  0]LogSlate: Updating window title bar state: overlay mode, drag disabled, window buttons hidden, title bar hidden
[2020.05.12-21.56.29:179][  0]LogSlate: Updating window title bar state: overlay mode, drag disabled, window buttons hidden, title bar hidden
[2020.05.12-21.56.29:191][  0]LogSlate: Updating window title bar state: overlay mode, drag disabled, window buttons hidden, title bar hidden
[2020.05.12-21.56.29:823][  0]LogCollectionManager: Loaded 0 collections in 0.001099 seconds
[2020.05.12-21.56.30:036][  0]LogFileCache: Scanning file cache for directory 'C:/Users/neklu/OneDrive/Документы/Unreal Projects/SvS/Saved/Collections/' took 0.00s
[2020.05.12-21.56.30:036][  0]LogFileCache: Scanning file cache for directory 'C:/Users/neklu/OneDrive/Документы/Unreal Projects/SvS/Content/Developers/neklu/Collections/' took 0.00s
[2020.05.12-21.56.30:036][  0]LogFileCache: Scanning file cache for directory 'C:/Users/neklu/OneDrive/Документы/Unreal Projects/SvS/Content/Collections/' took 0.00s
[2020.05.12-21.56.30:036][  0]LogContentBrowser: Native class hierarchy populated in 0.0113 seconds. Added 3426 classes and 820 folders.
[2020.05.12-21.56.30:265][  0]LogContentBrowser: Native class hierarchy updated for 'WidgetCarousel' in 0.0002 seconds. Added 0 classes and 0 folders.
[2020.05.12-21.56.31:935][  0]LogContentBrowser: Native class hierarchy updated for 'AddContentDialog' in 0.0003 seconds. Added 0 classes and 0 folders.
[2020.05.12-21.56.33:434][  0]LogTemp: IOS device listing is disabled (too many failed attempts)!
[2020.05.12-21.56.33:434][  0]LogSlate: Took 0.000232 seconds to synchronously load lazily loaded font '../../../Engine/Content/Slate/Fonts/Roboto-Regular.ttf' (155K)
[2020.05.12-21.56.33:533][  0]LogSlate: Took 0.000265 seconds to synchronously load lazily loaded font '../../../Engine/Content/Slate/Fonts/Roboto-Bold.ttf' (160K)
[2020.05.12-21.56.33:599][  0]LogSlate: Took 0.027016 seconds to synchronously load lazily loaded font '../../../Engine/Content/Editor/Slate/Fonts/FontAwesome.ttf' (139K)
[2020.05.12-21.56.34:552][  0]LogRenderer: Reallocating scene render targets to support 1076x780 Format 10 NumSamples 1 (Frame:1).
[2020.05.12-21.56.36:574][  0]LogContentBrowser: Native class hierarchy updated for 'HierarchicalLODOutliner' in 0.0002 seconds. Added 0 classes and 0 folders.
[2020.05.12-21.56.36:574][  0]LogLoad: (Engine Initialization) Total time: 17.70 seconds
[2020.05.12-21.56.36:574][  0]LogLoad: (Engine Initialization) Total Blueprint compile time: 0.00 seconds
[2020.05.12-21.56.36:840][  0]LogContentStreaming: Texture pool size now 1000 MB
[2020.05.12-21.56.36:995][  1]LogAssetRegistry: Asset discovery search completed in 14.7975 seconds
[2020.05.12-21.56.37:076][  1]LogCollectionManager: Fixed up redirectors for 0 collections in 0.000002 seconds (updated 0 objects)
[2020.05.12-21.56.41:180][ 13]LogSlate: Took 0.016361 seconds to synchronously load lazily loaded font '../../../Engine/Content/Slate/Fonts/Roboto-Light.ttf' (167K)
[2020.05.12-21.57.44:307][203]LogTemp: IOS device listing is disabled (too many failed attempts)!
[2020.05.12-21.58.03:055][258]LogWindowsTextInputMethodSystem: Display: IME system now deactivated.
[2020.05.12-21.58.03:055][258]LogWindowsTextInputMethodSystem: Display: IME system now deactivated.
[2020.05.12-21.58.04:437][292]LogTemp: Repeating last play command: New Editor Window (PIE)
[2020.05.12-21.58.04:524][292]LogPlayLevel: PlayLevel: No blueprints needed recompiling
[2020.05.12-21.58.04:583][292]PIE: New page: PIE session: Test_map (13 мая 2020 г., 03:58:04)
[2020.05.12-21.58.04:609][292]LogOnline: OSS: Creating online subsystem instance for: NULL
[2020.05.12-21.58.04:628][292]LogOnline: OSS: TryLoadSubsystemAndSetDefault: Loaded subsystem for module [NULL]
[2020.05.12-21.58.04:631][292]LogPlayLevel: Creating play world package: /Game/Maps/UEDPIE_0_Test_map
[2020.05.12-21.58.04:724][292]LogPlayLevel: PIE: StaticDuplicateObject took: (0.092940s)
[2020.05.12-21.58.04:756][292]LogAIModule: Creating AISystem for world Test_map
[2020.05.12-21.58.04:756][292]LogAISub: UAISubsystem::UAISubsystem EnvQueryManager (00000189BE949800), frame # 292
[2020.05.12-21.58.04:756][292]LogAISub: UAISubsystem::UAISubsystem AIPerceptionSystem (00000189C9C547C0), frame # 292
[2020.05.12-21.58.04:766][292]LogPlayLevel: PIE: World Init took: (0.042517s)
[2020.05.12-21.58.04:767][292]LogPlayLevel: PIE: Created PIE world by copying editor world from /Game/Maps/Test_map.Test_map to /Game/Maps/UEDPIE_0_Test_map.Test_map (0.136127s)
[2020.05.12-21.58.04:787][292]LogUObjectHash: Compacting FUObjectHashTables data took   0.47ms
[2020.05.12-21.58.06:270][292]LogLoad: Game class is 'BP_Base_Game_mod_C'
[2020.05.12-21.58.06:444][292]LogWorld: Bringing World /Game/Maps/UEDPIE_0_Test_map.Test_map up for play (max tick rate 60) at 2020.05.13-00.58.06
[2020.05.12-21.58.06:461][292]LogWorld: Bringing up level for play took: 0.018107
[2020.05.12-21.58.06:484][292]LogNet: ReplicationDriverClass is null! Not using ReplicationDriver.
[2020.05.12-21.58.06:484][292]LogNetCore: DDoS detection status: detection enabled: 0 analytics enabled: 0
[2020.05.12-21.58.06:496][292]LogInit: WinSock: Socket queue. Rx: 131072 (config 131072) Tx: 131072 (config 131072)
[2020.05.12-21.58.06:514][292]LogNet: Created socket for bind address: 0.0.0.0 on port 17777
[2020.05.12-21.58.06:532][292]PacketHandlerLog: Loaded PacketHandler component: Engine.EngineHandlerComponentFactory (StatelessConnectHandlerComponent)
[2020.05.12-21.58.06:546][292]LogNet: GameNetDriver IpNetDriver_0 IpNetDriver listening on port 17777
[2020.05.12-21.58.06:567][292]PIE: Server logged in
[2020.05.12-21.58.06:570][292]PIE: Play in editor total start time 2,109 seconds.
[2020.05.12-21.58.06:571][292]LogAudioMixer: Display: Audio Mixer Platform Settings:
[2020.05.12-21.58.06:571][292]LogAudioMixer: Display: 	Sample Rate:						  48000
[2020.05.12-21.58.06:571][292]LogAudioMixer: Display: 	Callback Buffer Frame Size Requested: 1024
[2020.05.12-21.58.06:571][292]LogAudioMixer: Display: 	Callback Buffer Frame Size To Use:	  1024
[2020.05.12-21.58.06:571][292]LogAudioMixer: Display: 	Number of buffers to queue:			  2
[2020.05.12-21.58.06:571][292]LogAudioMixer: Display: 	Max Channels (voices):				  32
[2020.05.12-21.58.06:571][292]LogAudioMixer: Display: 	Number of Async Source Workers:		  0
[2020.05.12-21.58.06:571][292]LogAudio: Display: AudioDevice MaxSources: 32
[2020.05.12-21.58.06:572][292]LogAudio: Display: Using built-in audio occlusion.
[2020.05.12-21.58.06:572][292]LogAudioMixer: Display: Initializing audio mixer.
[2020.05.12-21.58.06:577][292]LogAudioMixer: Display: 0: FrontLeft
[2020.05.12-21.58.06:577][292]LogAudioMixer: Display: 1: FrontRight
[2020.05.12-21.58.06:607][292]LogAudioMixer: Display: Using Audio Device Динамики (Realtek High Definition Audio)
[2020.05.12-21.58.06:607][292]LogAudioMixer: Display: Initializing Sound Submixes...
[2020.05.12-21.58.06:607][292]LogAudioMixer: Display: Creating Master Submix 'MasterSubmixDefault'
[2020.05.12-21.58.06:607][292]LogAudioMixer: Display: Creating Master Submix 'MasterReverbSubmixDefault'
[2020.05.12-21.58.06:607][292]LogAudioMixer: Display: Creating Master Submix 'MasterEQSubmixDefault'
[2020.05.12-21.58.06:620][292]LogInit: FAudioDevice initialized.
[2020.05.12-21.58.06:688][292]LogSlate: Updating window title bar state: overlay mode, drag disabled, window buttons hidden, title bar hidden
[2020.05.12-21.58.06:694][292]LogNet: Browse: 127.0.0.1:17777//Game/Maps/Test_map
[2020.05.12-21.58.06:721][292]LogInit: WinSock: Socket queue. Rx: 32768 (config 32768) Tx: 32768 (config 32768)
[2020.05.12-21.58.06:721][292]LogNet: Created socket for bind address: 0.0.0.0 on port 0
[2020.05.12-21.58.06:726][292]PacketHandlerLog: Loaded PacketHandler component: Engine.EngineHandlerComponentFactory (StatelessConnectHandlerComponent)
[2020.05.12-21.58.06:737][292]LogNet: Game client on port 17777, rate 10000
[2020.05.12-21.58.06:765][292]PIE: Client logged in
[2020.05.12-21.58.06:766][292]PIE: Play in editor total start time 2,304 seconds.
[2020.05.12-21.58.06:767][292]LogAudioMixer: Display: Audio Mixer Platform Settings:
[2020.05.12-21.58.06:767][292]LogAudioMixer: Display: 	Sample Rate:						  48000
[2020.05.12-21.58.06:767][292]LogAudioMixer: Display: 	Callback Buffer Frame Size Requested: 1024
[2020.05.12-21.58.06:767][292]LogAudioMixer: Display: 	Callback Buffer Frame Size To Use:	  1024
[2020.05.12-21.58.06:767][292]LogAudioMixer: Display: 	Number of buffers to queue:			  2
[2020.05.12-21.58.06:767][292]LogAudioMixer: Display: 	Max Channels (voices):				  32
[2020.05.12-21.58.06:767][292]LogAudioMixer: Display: 	Number of Async Source Workers:		  0
[2020.05.12-21.58.06:767][292]LogAudio: Display: AudioDevice MaxSources: 32
[2020.05.12-21.58.06:767][292]LogAudio: Display: Using built-in audio occlusion.
[2020.05.12-21.58.06:767][292]LogAudioMixer: Display: Initializing audio mixer.
[2020.05.12-21.58.06:772][292]LogAudioMixer: Display: 0: FrontLeft
[2020.05.12-21.58.06:772][292]LogAudioMixer: Display: 1: FrontRight
[2020.05.12-21.58.06:801][292]LogAudioMixer: Display: Using Audio Device Динамики (Realtek High Definition Audio)
[2020.05.12-21.58.06:802][292]LogAudioMixer: Display: Initializing Sound Submixes...
[2020.05.12-21.58.06:802][292]LogAudioMixer: Display: Creating Master Submix 'MasterSubmixDefault'
[2020.05.12-21.58.06:802][292]LogAudioMixer: Display: Creating Master Submix 'MasterReverbSubmixDefault'
[2020.05.12-21.58.06:803][292]LogAudioMixer: Display: Creating Master Submix 'MasterEQSubmixDefault'
[2020.05.12-21.58.06:816][292]LogInit: FAudioDevice initialized.
[2020.05.12-21.58.06:872][292]LogSlate: Updating window title bar state: overlay mode, drag disabled, window buttons hidden, title bar hidden
[2020.05.12-21.58.06:872][292]LogNet: Browse: 127.0.0.1:17777//Game/Maps/Test_map
[2020.05.12-21.58.06:873][292]LogInit: WinSock: Socket queue. Rx: 32768 (config 32768) Tx: 32768 (config 32768)
[2020.05.12-21.58.06:873][292]LogNet: Created socket for bind address: 0.0.0.0 on port 0
[2020.05.12-21.58.06:873][292]PacketHandlerLog: Loaded PacketHandler component: Engine.EngineHandlerComponentFactory (StatelessConnectHandlerComponent)
[2020.05.12-21.58.06:873][292]LogNet: Game client on port 17777, rate 10000
[2020.05.12-21.58.06:874][292]PIE: Client logged in
[2020.05.12-21.58.06:875][292]PIE: Play in editor total start time 2,414 seconds.
[2020.05.12-21.58.07:002][292]LogOnline: OSS: Creating online subsystem instance for: :Context_1
[2020.05.12-21.58.07:788][314]LogNet: NotifyAcceptingConnection accepted from: 127.0.0.1:53573
[2020.05.12-21.58.07:804][314]LogHandshake: SendConnectChallenge. Timestamp: 3.385495, Cookie: 174086146050132230176250009201027126134035216151153165200077
[2020.05.12-21.58.07:805][314]LogHandshake: SendChallengeResponse. Timestamp: 3.385495, Cookie: 174086146050132230176250009201027126134035216151153165200077
[2020.05.12-21.58.07:809][315]LogNet: NotifyAcceptingConnection accepted from: 127.0.0.1:53573
[2020.05.12-21.58.07:809][315]LogHandshake: SendChallengeAck. InCookie: 174086146050132230176250009201027126134035216151153165200077
[2020.05.12-21.58.07:809][315]LogNet: Server accepting post-challenge connection from: 127.0.0.1:53573
[2020.05.12-21.58.07:809][315]PacketHandlerLog: Loaded PacketHandler component: Engine.EngineHandlerComponentFactory (StatelessConnectHandlerComponent)
[2020.05.12-21.58.07:810][315]LogNet: NotifyAcceptedConnection: Name: Test_map, TimeStamp: 05/13/20 00:58:07, [UNetConnection] RemoteAddr: 127.0.0.1:53573, Name: IpConnection_2, Driver: GameNetDriver IpNetDriver_0, IsServer: YES, PC: NULL, Owner: NULL, UniqueId: INVALID
[2020.05.12-21.58.07:810][315]LogNet: AddClientConnection: Added client connection: [UNetConnection] RemoteAddr: 127.0.0.1:53573, Name: IpConnection_2, Driver: GameNetDriver IpNetDriver_0, IsServer: YES, PC: NULL, Owner: NULL, UniqueId: INVALID
[2020.05.12-21.58.07:812][315]LogNetVersion: SvS 1.0.0.0, NetCL: 13144385, EngineNetVer: 14, GameNetVer: 0 (Checksum: 1765287987)
[2020.05.12-21.58.07:812][315]LogNet: UPendingNetGame::SendInitialJoin: Sending hello. [UNetConnection] RemoteAddr: 127.0.0.1:17777, Name: IpConnection_0, Driver: PendingNetDriver IpNetDriver_1, IsServer: NO, PC: NULL, Owner: NULL, UniqueId: INVALID
[2020.05.12-21.58.07:827][316]LogNet: NotifyAcceptingChannel Control 0 server World /Game/Maps/UEDPIE_0_Test_map.Test_map: Accepted
[2020.05.12-21.58.07:836][316]LogNet: Remote platform little endian=1
[2020.05.12-21.58.07:837][316]LogNet: This platform little endian=1
[2020.05.12-21.58.07:846][316]LogOnline: OSS: Creating online subsystem instance for: :Context_2
[2020.05.12-21.58.07:852][317]LogNet: Login request: /Game/Maps/Test_map?Name=LAPTOP-GHA68O1Q-8D323F1140723DFE794088B22E9FD32C userId: NULL:LAPTOP-GHA68O1Q-8D323F1140723DFE794088B22E9FD32C platform: NULL
[2020.05.12-21.58.07:853][317]LogNet: Welcomed by server (Level: /Game/Maps/UEDPIE_0_Test_map, Game: /Game/Blueprints/Game/BP_Base_Game_mod.BP_Base_Game_mod_C)
[2020.05.12-21.58.07:859][317]LogLoad: LoadMap: 127.0.0.1:17777//Game/Maps/UEDPIE_0_Test_map?game=/Game/Blueprints/Game/BP_Base_Game_mod.BP_Base_Game_mod_C
[2020.05.12-21.58.07:859][317]LogWorld: BeginTearingDown for /Temp/Untitled_1
[2020.05.12-21.58.07:865][317]LogWorld: UWorld::CleanupWorld for Untitled, bSessionEnded=true, bCleanupResources=true
[2020.05.12-21.58.07:865][317]LogSlate: InvalidateAllWidgets triggered.  All widgets were invalidated
[2020.05.12-21.58.07:875][317]LogAudioMixer: Display: No commands were queued while flushing the source manager.
[2020.05.12-21.58.07:887][317]LogUObjectHash: Compacting FUObjectHashTables data took   0.83ms
[2020.05.12-21.58.07:924][317]LogAIModule: Creating AISystem for world Test_map
[2020.05.12-21.58.07:924][317]LogAISub: UAISubsystem::UAISubsystem EnvQueryManager (00000189B8DF4600), frame # 317
[2020.05.12-21.58.07:924][317]LogAISub: UAISubsystem::UAISubsystem AIPerceptionSystem (00000189B8DF07C0), frame # 317
[2020.05.12-21.58.07:940][317]LogWorld: Bringing World /Game/Maps/UEDPIE_1_Test_map.Test_map up for play (max tick rate 60) at 2020.05.13-00.58.07
[2020.05.12-21.58.07:940][317]LogWorld: Bringing up level for play took: 0.000578
[2020.05.12-21.58.07:947][317]LogLoad: Took 0.087394 seconds to LoadMap(/Game/Maps/UEDPIE_0_Test_map)
[2020.05.12-21.58.07:974][318]LogRenderer: Reallocating scene render targets to support 1280x780 Format 10 NumSamples 1 (Frame:1).
[2020.05.12-21.58.07:975][318]LogNet: Client netspeed is 10000
[2020.05.12-21.58.07:975][318]LogNet: Join request: /Game/Maps/Test_map?Name=LAPTOP-GHA68O1Q-8D323F1140723DFE794088B22E9FD32C?SplitscreenCount=1
[2020.05.12-21.58.08:020][318]LogOnlineSession: Warning: OSS: No game present to join for session (GameSession)
[2020.05.12-21.58.08:166][318]LogNet: Join succeeded: LAPTOP-GHA68O1Q-8D32
[2020.05.12-21.58.08:166][318]LogNet: NotifyAcceptingConnection accepted from: 127.0.0.1:53574
[2020.05.12-21.58.08:166][318]LogHandshake: SendConnectChallenge. Timestamp: 3.573279, Cookie: 022092164026036045044020066009114178227169091074045245238150
[2020.05.12-21.58.08:215][318]LogHandshake: SendChallengeResponse. Timestamp: 3.573279, Cookie: 022092164026036045044020066009114178227169091074045245238150
[2020.05.12-21.58.08:244][319]LogNet: NotifyAcceptingConnection accepted from: 127.0.0.1:53574
[2020.05.12-21.58.08:244][319]LogHandshake: SendChallengeAck. InCookie: 022092164026036045044020066009114178227169091074045245238150
[2020.05.12-21.58.08:244][319]LogNet: Server accepting post-challenge connection from: 127.0.0.1:53574
[2020.05.12-21.58.08:244][319]PacketHandlerLog: Loaded PacketHandler component: Engine.EngineHandlerComponentFactory (StatelessConnectHandlerComponent)
[2020.05.12-21.58.08:244][319]LogNet: NotifyAcceptedConnection: Name: Test_map, TimeStamp: 05/13/20 00:58:08, [UNetConnection] RemoteAddr: 127.0.0.1:53574, Name: IpConnection_3, Driver: GameNetDriver IpNetDriver_0, IsServer: YES, PC: NULL, Owner: NULL, UniqueId: INVALID
[2020.05.12-21.58.08:244][319]LogNet: AddClientConnection: Added client connection: [UNetConnection] RemoteAddr: 127.0.0.1:53574, Name: IpConnection_3, Driver: GameNetDriver IpNetDriver_0, IsServer: YES, PC: NULL, Owner: NULL, UniqueId: INVALID
[2020.05.12-21.58.08:246][319]LogNet: UPendingNetGame::SendInitialJoin: Sending hello. [UNetConnection] RemoteAddr: 127.0.0.1:17777, Name: IpConnection_1, Driver: PendingNetDriver IpNetDriver_2, IsServer: NO, PC: NULL, Owner: NULL, UniqueId: INVALID
[2020.05.12-21.58.08:260][320]LogNet: NotifyAcceptingChannel Control 0 server World /Game/Maps/UEDPIE_0_Test_map.Test_map: Accepted
[2020.05.12-21.58.08:260][320]LogNet: Remote platform little endian=1
[2020.05.12-21.58.08:260][320]LogNet: This platform little endian=1
[2020.05.12-21.58.08:296][320]LogOnline: OSS: Creating online subsystem instance for: :Context_3
[2020.05.12-21.58.08:303][321]LogNet: Login request: /Game/Maps/Test_map?Name=LAPTOP-GHA68O1Q-9F5DC8CA4290B1FD0F22C88E3C3754D7 userId: NULL:LAPTOP-GHA68O1Q-9F5DC8CA4290B1FD0F22C88E3C3754D7 platform: NULL
[2020.05.12-21.58.08:304][321]LogNet: Welcomed by server (Level: /Game/Maps/UEDPIE_0_Test_map, Game: /Game/Blueprints/Game/BP_Base_Game_mod.BP_Base_Game_mod_C)
[2020.05.12-21.58.08:304][321]LogLoad: LoadMap: 127.0.0.1:17777//Game/Maps/UEDPIE_0_Test_map?game=/Game/Blueprints/Game/BP_Base_Game_mod.BP_Base_Game_mod_C
[2020.05.12-21.58.08:304][321]LogWorld: BeginTearingDown for /Temp/Untitled_2
[2020.05.12-21.58.08:304][321]LogWorld: UWorld::CleanupWorld for Untitled, bSessionEnded=true, bCleanupResources=true
[2020.05.12-21.58.08:304][321]LogSlate: InvalidateAllWidgets triggered.  All widgets were invalidated
[2020.05.12-21.58.08:304][321]LogAudioMixer: Display: No commands were queued while flushing the source manager.
[2020.05.12-21.58.08:328][321]LogUObjectHash: Compacting FUObjectHashTables data took   1.52ms
[2020.05.12-21.58.08:365][321]LogAIModule: Creating AISystem for world Test_map
[2020.05.12-21.58.08:365][321]LogAISub: UAISubsystem::UAISubsystem EnvQueryManager (00000189B0451A00), frame # 321
[2020.05.12-21.58.08:365][321]LogAISub: UAISubsystem::UAISubsystem AIPerceptionSystem (00000189B8CAF240), frame # 321
[2020.05.12-21.58.08:367][321]LogWorld: Bringing World /Game/Maps/UEDPIE_2_Test_map.Test_map up for play (max tick rate 60) at 2020.05.13-00.58.08
[2020.05.12-21.58.08:367][321]LogWorld: Bringing up level for play took: 0.000973
[2020.05.12-21.58.08:368][321]LogLoad: Took 0.063693 seconds to LoadMap(/Game/Maps/UEDPIE_0_Test_map)
[2020.05.12-21.58.08:372][322]LogNet: Client netspeed is 10000
[2020.05.12-21.58.08:372][322]LogNet: Join request: /Game/Maps/Test_map?Name=LAPTOP-GHA68O1Q-9F5DC8CA4290B1FD0F22C88E3C3754D7?SplitscreenCount=1
[2020.05.12-21.58.08:372][322]LogOnlineSession: Warning: OSS: No game present to join for session (GameSession)
[2020.05.12-21.58.08:449][322]LogNet: Join succeeded: LAPTOP-GHA68O1Q-9F5D
[2020.05.12-21.58.09:098][324]LogBlueprintUserMessages: [BP_WeaponsManager] Client 0: Weapon Attached
[2020.05.12-21.58.09:104][325]LogBlueprintUserMessages: [BP_WeaponsManager] Client 0: Weapon Attached
[2020.05.12-21.58.09:296][327]LogBlueprintUserMessages: [BP_WeaponsManager] Client 1: Weapon Attached
[2020.05.12-21.58.09:386][329]LogOnlineSession: Warning: OSS: No game present to join for session (GameSession)
[2020.05.12-21.58.09:388][329]LogBlueprintUserMessages: [BP_WeaponsManager] Client 1: Weapon Attached
[2020.05.12-21.58.09:396][330]LogOnlineSession: Warning: OSS: No game present to join for session (GameSession)
[2020.05.12-21.58.09:413][331]LogOnlineSession: Warning: OSS: No game present to join for session (GameSession)
[2020.05.12-21.58.09:468][334]LogOnlineSession: Warning: OSS: No game present to join for session (GameSession)
[2020.05.12-21.58.21:509][ 51]LogAudioMixer: Display: No commands were queued while flushing the source manager.
[2020.05.12-21.58.21:513][ 51]LogAudioMixer: Display: Flush succeeded in the source manager command queue (1).
[2020.05.12-21.58.21:533][ 51]LogAudioMixer: Display: Flush succeeded the source manager command queue (2).
[2020.05.12-21.58.21:533][ 51]LogAudioMixer: Display: No commands were queued while flushing the source manager.
[2020.05.12-21.58.21:895][ 51]LogSlate: Updating window title bar state: overlay mode, drag disabled, window buttons hidden, title bar hidden
[2020.05.12-21.58.21:895][ 51]LogWorld: BeginTearingDown for /Game/Maps/UEDPIE_2_Test_map
[2020.05.12-21.58.21:896][ 51]LogSlate: Window 'SvS Preview [NetMode: Client 2] (64-bit/Windows) ' being destroyed
[2020.05.12-21.58.21:899][ 51]LogAudioMixer: Display: No commands were queued while flushing the source manager.
[2020.05.12-21.58.21:913][ 51]LogWorld: UWorld::CleanupWorld for Test_map, bSessionEnded=true, bCleanupResources=true
[2020.05.12-21.58.21:948][ 51]LogSlate: InvalidateAllWidgets triggered.  All widgets were invalidated
[2020.05.12-21.58.21:972][ 51]LogNet: World NetDriver shutdown IpNetDriver_2 [GameNetDriver]
[2020.05.12-21.58.21:972][ 51]LogNet: DestroyNamedNetDriver IpNetDriver_2 [GameNetDriver]
[2020.05.12-21.58.21:972][ 51]LogNet: UNetConnection::Close: [UNetConnection] RemoteAddr: 127.0.0.1:17777, Name: IpConnection_1, Driver: GameNetDriver IpNetDriver_2, IsServer: NO, PC: BP_Player_Controller_C_0, Owner: BP_Player_Controller_C_0, UniqueId: NULL:LAPTOP-GHA68O1Q-9F5DC8CA4290B1FD0F22C88E3C3754D7, Channels: 12, Time: 2020.05.12-21.58.21
[2020.05.12-21.58.21:978][ 51]LogNet: UChannel::Close: Sending CloseBunch. ChIndex == 0. Name: [UChannel] ChIndex: 0, Closing: 0 [UNetConnection] RemoteAddr: 127.0.0.1:17777, Name: IpConnection_1, Driver: GameNetDriver IpNetDriver_2, IsServer: NO, PC: BP_Player_Controller_C_0, Owner: BP_Player_Controller_C_0, UniqueId: NULL:LAPTOP-GHA68O1Q-9F5DC8CA4290B1FD0F22C88E3C3754D7
[2020.05.12-21.58.21:996][ 51]LogExit: GameNetDriver IpNetDriver_2 shut down
[2020.05.12-21.58.21:999][ 51]LogWorld: BeginTearingDown for /Game/Maps/UEDPIE_1_Test_map
[2020.05.12-21.58.21:999][ 51]LogSlate: Updating window title bar state: overlay mode, drag disabled, window buttons hidden, title bar hidden
[2020.05.12-21.58.21:999][ 51]LogSlate: Window 'SvS Preview [NetMode: Client 1] (64-bit/Windows) ' being destroyed
[2020.05.12-21.58.22:003][ 51]LogAudioMixer: Display: No commands were queued while flushing the source manager.
[2020.05.12-21.58.22:003][ 51]LogWorld: UWorld::CleanupWorld for Test_map, bSessionEnded=true, bCleanupResources=true
[2020.05.12-21.58.22:004][ 51]LogSlate: InvalidateAllWidgets triggered.  All widgets were invalidated
[2020.05.12-21.58.22:007][ 51]LogNet: World NetDriver shutdown IpNetDriver_1 [GameNetDriver]
[2020.05.12-21.58.22:007][ 51]LogNet: DestroyNamedNetDriver IpNetDriver_1 [GameNetDriver]
[2020.05.12-21.58.22:007][ 51]LogNet: UNetConnection::Close: [UNetConnection] RemoteAddr: 127.0.0.1:17777, Name: IpConnection_0, Driver: GameNetDriver IpNetDriver_1, IsServer: NO, PC: BP_Player_Controller_C_0, Owner: BP_Player_Controller_C_0, UniqueId: NULL:LAPTOP-GHA68O1Q-8D323F1140723DFE794088B22E9FD32C, Channels: 12, Time: 2020.05.12-21.58.22
[2020.05.12-21.58.22:007][ 51]LogNet: UChannel::Close: Sending CloseBunch. ChIndex == 0. Name: [UChannel] ChIndex: 0, Closing: 0 [UNetConnection] RemoteAddr: 127.0.0.1:17777, Name: IpConnection_0, Driver: GameNetDriver IpNetDriver_1, IsServer: NO, PC: BP_Player_Controller_C_0, Owner: BP_Player_Controller_C_0, UniqueId: NULL:LAPTOP-GHA68O1Q-8D323F1140723DFE794088B22E9FD32C
[2020.05.12-21.58.22:007][ 51]LogExit: GameNetDriver IpNetDriver_1 shut down
[2020.05.12-21.58.22:008][ 51]LogWorld: BeginTearingDown for /Game/Maps/UEDPIE_0_Test_map
[2020.05.12-21.58.22:008][ 51]LogAudioMixer: Display: No commands were queued while flushing the source manager.
[2020.05.12-21.58.22:008][ 51]LogWorld: UWorld::CleanupWorld for Test_map, bSessionEnded=true, bCleanupResources=true
[2020.05.12-21.58.22:010][ 51]LogSlate: InvalidateAllWidgets triggered.  All widgets were invalidated
[2020.05.12-21.58.22:010][ 51]LogNet: World NetDriver shutdown IpNetDriver_0 [GameNetDriver]
[2020.05.12-21.58.22:010][ 51]LogNet: DestroyNamedNetDriver IpNetDriver_0 [GameNetDriver]
[2020.05.12-21.58.22:010][ 51]LogNet: UNetConnection::Cleanup: Closing open connection. [UNetConnection] RemoteAddr: 127.0.0.1:53574, Name: IpConnection_3, Driver: GameNetDriver IpNetDriver_0, IsServer: YES, PC: BP_Player_Controller_C_1, Owner: BP_Player_Controller_C_1, UniqueId: NULL:LAPTOP-GHA68O1Q-9F5DC8CA4290B1FD0F22C88E3C3754D7
[2020.05.12-21.58.22:010][ 51]LogNet: UNetConnection::Close: [UNetConnection] RemoteAddr: 127.0.0.1:53574, Name: IpConnection_3, Driver: GameNetDriver IpNetDriver_0, IsServer: YES, PC: BP_Player_Controller_C_1, Owner: BP_Player_Controller_C_1, UniqueId: NULL:LAPTOP-GHA68O1Q-9F5DC8CA4290B1FD0F22C88E3C3754D7, Channels: 12, Time: 2020.05.12-21.58.22
[2020.05.12-21.58.22:010][ 51]LogNet: UChannel::Close: Sending CloseBunch. ChIndex == 0. Name: [UChannel] ChIndex: 0, Closing: 0 [UNetConnection] RemoteAddr: 127.0.0.1:53574, Name: IpConnection_3, Driver: GameNetDriver IpNetDriver_0, IsServer: YES, PC: BP_Player_Controller_C_1, Owner: BP_Player_Controller_C_1, UniqueId: NULL:LAPTOP-GHA68O1Q-9F5DC8CA4290B1FD0F22C88E3C3754D7
[2020.05.12-21.58.22:010][ 51]LogNet: UNetConnection::Cleanup: Closing open connection. [UNetConnection] RemoteAddr: 127.0.0.1:53573, Name: IpConnection_2, Driver: GameNetDriver IpNetDriver_0, IsServer: YES, PC: BP_Player_Controller_C_0, Owner: BP_Player_Controller_C_0, UniqueId: NULL:LAPTOP-GHA68O1Q-8D323F1140723DFE794088B22E9FD32C
[2020.05.12-21.58.22:010][ 51]LogNet: UNetConnection::Close: [UNetConnection] RemoteAddr: 127.0.0.1:53573, Name: IpConnection_2, Driver: GameNetDriver IpNetDriver_0, IsServer: YES, PC: BP_Player_Controller_C_0, Owner: BP_Player_Controller_C_0, UniqueId: NULL:LAPTOP-GHA68O1Q-8D323F1140723DFE794088B22E9FD32C, Channels: 12, Time: 2020.05.12-21.58.22
[2020.05.12-21.58.22:010][ 51]LogNet: UChannel::Close: Sending CloseBunch. ChIndex == 0. Name: [UChannel] ChIndex: 0, Closing: 0 [UNetConnection] RemoteAddr: 127.0.0.1:53573, Name: IpConnection_2, Driver: GameNetDriver IpNetDriver_0, IsServer: YES, PC: BP_Player_Controller_C_0, Owner: BP_Player_Controller_C_0, UniqueId: NULL:LAPTOP-GHA68O1Q-8D323F1140723DFE794088B22E9FD32C
[2020.05.12-21.58.22:010][ 51]LogExit: GameNetDriver IpNetDriver_0 shut down
[2020.05.12-21.58.22:011][ 51]LogPlayLevel: Display: Shutting down PIE online subsystems
[2020.05.12-21.58.22:059][ 51]LogSlate: InvalidateAllWidgets triggered.  All widgets were invalidated
[2020.05.12-21.58.22:080][ 51]LogAudioMixer: Display: No commands were queued while flushing the source manager.
[2020.05.12-21.58.22:099][ 51]LogAudioMixer: Display: No commands were queued while flushing the source manager.
[2020.05.12-21.58.22:120][ 51]LogAISub: UAISubsystem::~UAISubsystem EnvQueryManager (00000189BE949800), frame # 1051
[2020.05.12-21.58.22:120][ 51]LogAISub: UAISubsystem::~UAISubsystem AIPerceptionSystem (00000189C9C547C0), frame # 1051
[2020.05.12-21.58.22:121][ 51]LogAISub: UAISubsystem::~UAISubsystem AIPerceptionSystem (00000189B8CAF240), frame # 1051
[2020.05.12-21.58.22:121][ 51]LogAISub: UAISubsystem::~UAISubsystem EnvQueryManager (00000189B0451A00), frame # 1051
[2020.05.12-21.58.22:121][ 51]LogAISub: UAISubsystem::~UAISubsystem AIPerceptionSystem (00000189B8DF07C0), frame # 1051
[2020.05.12-21.58.22:121][ 51]LogAISub: UAISubsystem::~UAISubsystem EnvQueryManager (00000189B8DF4600), frame # 1051
[2020.05.12-21.58.22:122][ 51]LogUObjectHash: Compacting FUObjectHashTables data took   0.61ms
[2020.05.12-21.58.22:167][ 52]LogPlayLevel: Display: Destroying online subsystem :Context_3
[2020.05.12-21.58.22:167][ 52]LogPlayLevel: Display: Destroying online subsystem :Context_2
[2020.05.12-21.58.22:167][ 52]LogPlayLevel: Display: Destroying online subsystem :Context_1
[2020.05.12-21.58.55:361][234]LogTemp: IOS device listing is disabled (too many failed attempts)!
